<?xml version="1.0" encoding="UTF-8"?>
<testsuites name="New Test Suite Collection" time="775.866" tests="5" failures="0" errors="0">
   <testsuite name="Buttons" tests="5" failures="0" errors="0" time="773.559" skipped="0" timestamp="2023-09-21 10:41:11" hostname="faked - Fakedoor" id="Test Suites/Buttons">
      <properties>
         <property name="deviceName" value=""/>
         <property name="devicePlatform" value=""/>
         <property name="logFolder" value="D:\\Katalon Studio\\UI-tests\\Reports\\20230921_104107\\Buttons\\20230921_104108"/>
         <property name="logFiles" value="D:\\Katalon Studio\\UI-tests\\Reports\\20230921_104107\\Buttons\\20230921_104108\\execution0.log"/>
         <property name="attachments" value="D:\\Katalon Studio\\UI-tests\\Reports\\20230921_104107\\Buttons\\20230921_104108\\1695289355578.png, D:\\Katalon Studio\\UI-tests\\Reports\\20230921_104107\\Buttons\\20230921_104108\\1695289518689.png, D:\\Katalon Studio\\UI-tests\\Reports\\20230921_104107\\Buttons\\20230921_104108\\1695289554194.png, D:\\Katalon Studio\\UI-tests\\Reports\\20230921_104107\\Buttons\\20230921_104108\\1695289601248.png"/>
         <property name="hostName" value="faked - Fakedoor"/>
         <property name="os" value="Windows 11 64bit"/>
         <property name="katalonVersion" value="8.6.8.208"/>
         <property name="browser" value="Chrome 117.0.0.0"/>
         <property name="hostAddress" value="10.6.2.181"/>
         <property name="sessionId" value="cf8080d065cbaad5aa1d469ddca6ae6c"/>
         <property name="seleniumVersion" value="3.141.59"/>
         <property name="proxyInformation" value="ProxyInformation { proxyOption=NO_PROXY, proxyServerType=HTTP, username=, password=********, proxyServerAddress=, proxyServerPort=0, executionList=&quot;&quot;, isApplyToDesiredCapabilities=true }"/>
         <property name="platform" value="Windows 11"/>
      </properties>
      <testcase name="Test Cases/Buttons/Overview" time="170.452" classname="Test Cases/Buttons/Overview" status="PASSED">
         <system-out><![CDATA[2023-09-21 10:46:43 - [TEST_CASE][PASSED] - Test Cases/Buttons/Overview: Test Cases/Buttons/Overview

2023-09-21 10:46:43 - [TEST_STEP][PASSED] - openBrowser(""): Browser is opened with url: ''

2023-09-21 10:46:43 - [MESSAGE][INFO] - Starting 'Chrome' driver

2023-09-21 10:46:43 - [MESSAGE][INFO] - Action delay is set to 2,000 milliseconds

2023-09-21 10:46:44 - [MESSAGE][PASSED] - Browser is opened with url: ''

2023-09-21 10:46:44 - [TEST_STEP][PASSED] - navigateToUrl("https://delightful-stone-07bb55f0f.3.azurestaticapps.net/"): Navigate to 'https://delightful-stone-07bb55f0f.3.azurestaticapps.net/' successfully

2023-09-21 10:46:48 - [MESSAGE][PASSED] - Navigate to 'https://delightful-stone-07bb55f0f.3.azurestaticapps.net/' successfully

2023-09-21 10:46:48 - [TEST_STEP][PASSED] - maximizeWindow(): Current window maximized

2023-09-21 10:46:48 - [MESSAGE][PASSED] - Current window maximized

2023-09-21 10:46:48 - [TEST_STEP][PASSED] - click(findTestObject("Object Repository/Overview/Page_FakeDoor/button_Sign In")): Object: 'Object Repository/Overview/Page_FakeDoor/button_Sign In' is clicked on

2023-09-21 10:46:51 - [MESSAGE][PASSED] - Object: 'Object Repository/Overview/Page_FakeDoor/button_Sign In' is clicked on

2023-09-21 10:46:51 - [TEST_STEP][PASSED] - setText(findTestObject("Object Repository/Overview/Page_FakeDoor/input_User Name_username"), "admin2"): Text 'admin2' is set on object 'Object Repository/Overview/Page_FakeDoor/input_User Name_username'

2023-09-21 10:46:58 - [MESSAGE][PASSED] - Text 'admin2' is set on object 'Object Repository/Overview/Page_FakeDoor/input_User Name_username'

2023-09-21 10:46:58 - [TEST_STEP][PASSED] - setEncryptedText(findTestObject("Object Repository/Overview/Page_FakeDoor/input_Password_password"), "Lm1Albv1LteQ2KmNJoEiNQ=="): Text ****** has been set on object 'Object Repository/Overview/Page_FakeDoor/input_Password_password'

2023-09-21 10:47:02 - [MESSAGE][PASSED] - Text ****** has been set on object 'Object Repository/Overview/Page_FakeDoor/input_Password_password'

2023-09-21 10:47:02 - [TEST_STEP][PASSED] - click(findTestObject("Object Repository/Overview/Page_FakeDoor/button_Login")): Object: 'Object Repository/Overview/Page_FakeDoor/button_Login' is clicked on

2023-09-21 10:47:04 - [MESSAGE][PASSED] - Object: 'Object Repository/Overview/Page_FakeDoor/button_Login' is clicked on

2023-09-21 10:47:04 - [TEST_STEP][PASSED] - click(findTestObject("Object Repository/Overview/Page_FakeDoor/span_Overview")): Object: 'Object Repository/Overview/Page_FakeDoor/span_Overview' is clicked on

2023-09-21 10:47:10 - [MESSAGE][PASSED] - Object: 'Object Repository/Overview/Page_FakeDoor/span_Overview' is clicked on

2023-09-21 10:47:10 - [TEST_STEP][PASSED] - click(findTestObject("Object Repository/Overview/Page_FakeDoor/p_Start Lesson")): Object: 'Object Repository/Overview/Page_FakeDoor/p_Start Lesson' is clicked on

2023-09-21 10:47:18 - [MESSAGE][PASSED] - Object: 'Object Repository/Overview/Page_FakeDoor/p_Start Lesson' is clicked on

2023-09-21 10:47:18 - [TEST_STEP][PASSED] - click(findTestObject("Object Repository/Overview/Page_FakeDoor/img_Back_MuiBox-root mui-style-1f4e7rj")): Object: 'Object Repository/Overview/Page_FakeDoor/img_Back_MuiBox-root mui-style-1f4e7rj' is clicked on

2023-09-21 10:47:21 - [MESSAGE][PASSED] - Object: 'Object Repository/Overview/Page_FakeDoor/img_Back_MuiBox-root mui-style-1f4e7rj' is clicked on

2023-09-21 10:47:21 - [TEST_STEP][PASSED] - click(findTestObject("Object Repository/Overview/Page_FakeDoor/img_Back_MuiBox-root mui-style-1f4e7rj_1")): Object: 'Object Repository/Overview/Page_FakeDoor/img_Back_MuiBox-root mui-style-1f4e7rj_1' is clicked on

2023-09-21 10:47:27 - [MESSAGE][PASSED] - Object: 'Object Repository/Overview/Page_FakeDoor/img_Back_MuiBox-root mui-style-1f4e7rj_1' is clicked on

2023-09-21 10:47:27 - [TEST_STEP][PASSED] - click(findTestObject("Object Repository/Overview/Page_FakeDoor/img_Back_MuiBox-root mui-style-1f4e7rj_1_2")): Object: 'Object Repository/Overview/Page_FakeDoor/img_Back_MuiBox-root mui-style-1f4e7rj_1_2' is clicked on

2023-09-21 10:47:35 - [MESSAGE][PASSED] - Object: 'Object Repository/Overview/Page_FakeDoor/img_Back_MuiBox-root mui-style-1f4e7rj_1_2' is clicked on

2023-09-21 10:47:35 - [TEST_STEP][PASSED] - click(findTestObject("Object Repository/Overview/Page_FakeDoor/img_Back_MuiBox-root mui-style-1f4e7rj_1_2_3")): Object: 'Object Repository/Overview/Page_FakeDoor/img_Back_MuiBox-root mui-style-1f4e7rj_1_2_3' is clicked on

2023-09-21 10:47:42 - [MESSAGE][PASSED] - Object: 'Object Repository/Overview/Page_FakeDoor/img_Back_MuiBox-root mui-style-1f4e7rj_1_2_3' is clicked on

2023-09-21 10:47:42 - [TEST_STEP][PASSED] - click(findTestObject("Object Repository/Overview/Page_FakeDoor/img_Back_MuiBox-root mui-style-1f4e7rj_1_2_3_4")): Object: 'Object Repository/Overview/Page_FakeDoor/img_Back_MuiBox-root mui-style-1f4e7rj_1_2_3_4' is clicked on

2023-09-21 10:47:49 - [MESSAGE][PASSED] - Object: 'Object Repository/Overview/Page_FakeDoor/img_Back_MuiBox-root mui-style-1f4e7rj_1_2_3_4' is clicked on

2023-09-21 10:47:49 - [TEST_STEP][PASSED] - click(findTestObject("Object Repository/Overview/Page_FakeDoor/img_Back_MuiBox-root mui-style-1f4e7rj_1_2_3_4_5")): Object: 'Object Repository/Overview/Page_FakeDoor/img_Back_MuiBox-root mui-style-1f4e7rj_1_2_3_4_5' is clicked on

2023-09-21 10:47:56 - [MESSAGE][PASSED] - Object: 'Object Repository/Overview/Page_FakeDoor/img_Back_MuiBox-root mui-style-1f4e7rj_1_2_3_4_5' is clicked on

2023-09-21 10:47:56 - [TEST_STEP][PASSED] - click(findTestObject("Object Repository/Overview/Page_FakeDoor/img_Back_MuiBox-root mui-style-1f4e7rj_1_2_3_4_5_6")): Object: 'Object Repository/Overview/Page_FakeDoor/img_Back_MuiBox-root mui-style-1f4e7rj_1_2_3_4_5_6' is clicked on

2023-09-21 10:48:03 - [MESSAGE][PASSED] - Object: 'Object Repository/Overview/Page_FakeDoor/img_Back_MuiBox-root mui-style-1f4e7rj_1_2_3_4_5_6' is clicked on

2023-09-21 10:48:03 - [TEST_STEP][PASSED] - click(findTestObject("Object Repository/Overview/Page_FakeDoor/img_Back_MuiBox-root mui-style-1f4e7rj_1_2_3_4_5_6_7")): Object: 'Object Repository/Overview/Page_FakeDoor/img_Back_MuiBox-root mui-style-1f4e7rj_1_2_3_4_5_6_7' is clicked on

2023-09-21 10:48:10 - [MESSAGE][PASSED] - Object: 'Object Repository/Overview/Page_FakeDoor/img_Back_MuiBox-root mui-style-1f4e7rj_1_2_3_4_5_6_7' is clicked on

2023-09-21 10:48:10 - [TEST_STEP][PASSED] - click(findTestObject("Object Repository/Overview/Page_FakeDoor/img_Back_MuiBox-root mui-style-1f4e7rj_1_2_3_4_5_6_7_8")): Object: 'Object Repository/Overview/Page_FakeDoor/img_Back_MuiBox-root mui-style-1f4e7rj_1_2_3_4_5_6_7_8' is clicked on

2023-09-21 10:48:17 - [MESSAGE][PASSED] - Object: 'Object Repository/Overview/Page_FakeDoor/img_Back_MuiBox-root mui-style-1f4e7rj_1_2_3_4_5_6_7_8' is clicked on

2023-09-21 10:48:17 - [TEST_STEP][PASSED] - click(findTestObject("Object Repository/Overview/Page_FakeDoor/button_Back")): Object: 'Object Repository/Overview/Page_FakeDoor/button_Back' is clicked on

2023-09-21 10:48:20 - [MESSAGE][PASSED] - Object: 'Object Repository/Overview/Page_FakeDoor/button_Back' is clicked on

2023-09-21 10:48:20 - [TEST_STEP][PASSED] - click(findTestObject("Object Repository/Overview/Page_FakeDoor/button_Back")): Object: 'Object Repository/Overview/Page_FakeDoor/button_Back' is clicked on

2023-09-21 10:48:23 - [MESSAGE][PASSED] - Object: 'Object Repository/Overview/Page_FakeDoor/button_Back' is clicked on

2023-09-21 10:48:23 - [TEST_STEP][PASSED] - click(findTestObject("Object Repository/Overview/Page_FakeDoor/button_Back")): Object: 'Object Repository/Overview/Page_FakeDoor/button_Back' is clicked on

2023-09-21 10:48:26 - [MESSAGE][PASSED] - Object: 'Object Repository/Overview/Page_FakeDoor/button_Back' is clicked on

2023-09-21 10:48:26 - [TEST_STEP][PASSED] - click(findTestObject("Object Repository/Overview/Page_FakeDoor/button_Back")): Object: 'Object Repository/Overview/Page_FakeDoor/button_Back' is clicked on

2023-09-21 10:48:29 - [MESSAGE][PASSED] - Object: 'Object Repository/Overview/Page_FakeDoor/button_Back' is clicked on

2023-09-21 10:48:29 - [TEST_STEP][PASSED] - click(findTestObject("Object Repository/Overview/Page_FakeDoor/button_Back")): Object: 'Object Repository/Overview/Page_FakeDoor/button_Back' is clicked on

2023-09-21 10:48:53 - [MESSAGE][PASSED] - Object: 'Object Repository/Overview/Page_FakeDoor/button_Back' is clicked on

2023-09-21 10:48:53 - [TEST_STEP][PASSED] - click(findTestObject("Object Repository/Overview/Page_FakeDoor/button_Back")): Object: 'Object Repository/Overview/Page_FakeDoor/button_Back' is clicked on

2023-09-21 10:48:56 - [MESSAGE][PASSED] - Object: 'Object Repository/Overview/Page_FakeDoor/button_Back' is clicked on

2023-09-21 10:48:56 - [TEST_STEP][PASSED] - click(findTestObject("Object Repository/Overview/Page_FakeDoor/button_Back")): Object: 'Object Repository/Overview/Page_FakeDoor/button_Back' is clicked on

2023-09-21 10:48:59 - [MESSAGE][PASSED] - Object: 'Object Repository/Overview/Page_FakeDoor/button_Back' is clicked on

2023-09-21 10:48:59 - [TEST_STEP][PASSED] - click(findTestObject("Object Repository/Overview/Page_FakeDoor/button_Back")): Object: 'Object Repository/Overview/Page_FakeDoor/button_Back' is clicked on

2023-09-21 10:49:02 - [MESSAGE][PASSED] - Object: 'Object Repository/Overview/Page_FakeDoor/button_Back' is clicked on

2023-09-21 10:49:02 - [TEST_STEP][PASSED] - click(findTestObject("Object Repository/Overview/Page_FakeDoor/button_Back")): Object: 'Object Repository/Overview/Page_FakeDoor/button_Back' is clicked on

2023-09-21 10:49:05 - [MESSAGE][PASSED] - Object: 'Object Repository/Overview/Page_FakeDoor/button_Back' is clicked on

2023-09-21 10:49:05 - [TEST_STEP][PASSED] - click(findTestObject("Object Repository/Overview/Page_FakeDoor/button_Back")): Object: 'Object Repository/Overview/Page_FakeDoor/button_Back' is clicked on

2023-09-21 10:49:08 - [MESSAGE][PASSED] - Object: 'Object Repository/Overview/Page_FakeDoor/button_Back' is clicked on

2023-09-21 10:49:08 - [TEST_STEP][PASSED] - click(findTestObject("Object Repository/Overview/Page_FakeDoor/p_Reminder")): Object: 'Object Repository/Overview/Page_FakeDoor/p_Reminder' is clicked on

2023-09-21 10:49:15 - [MESSAGE][PASSED] - Object: 'Object Repository/Overview/Page_FakeDoor/p_Reminder' is clicked on

2023-09-21 10:49:15 - [TEST_STEP][PASSED] - click(findTestObject("Object Repository/Overview/Page_FakeDoor/span_Overview")): Object: 'Object Repository/Overview/Page_FakeDoor/span_Overview' is clicked on

2023-09-21 10:49:17 - [MESSAGE][PASSED] - Object: 'Object Repository/Overview/Page_FakeDoor/span_Overview' is clicked on

2023-09-21 10:49:17 - [TEST_STEP][PASSED] - click(findTestObject("Object Repository/Overview/Page_FakeDoor/p_Reminder")): Object: 'Object Repository/Overview/Page_FakeDoor/p_Reminder' is clicked on

2023-09-21 10:49:25 - [MESSAGE][PASSED] - Object: 'Object Repository/Overview/Page_FakeDoor/p_Reminder' is clicked on

2023-09-21 10:49:25 - [TEST_STEP][PASSED] - click(findTestObject("Object Repository/Overview/Page_FakeDoor/span_Overview")): Object: 'Object Repository/Overview/Page_FakeDoor/span_Overview' is clicked on

2023-09-21 10:49:27 - [MESSAGE][PASSED] - Object: 'Object Repository/Overview/Page_FakeDoor/span_Overview' is clicked on

2023-09-21 10:49:27 - [TEST_STEP][PASSED] - click(findTestObject("Object Repository/Overview/Page_FakeDoor/button_Overview_MuiButtonBase-root MuiIconB_eec332")): Object: 'Object Repository/Overview/Page_FakeDoor/button_Overview_MuiButtonBase-root MuiIconB_eec332' is clicked on

2023-09-21 10:49:30 - [MESSAGE][PASSED] - Object: 'Object Repository/Overview/Page_FakeDoor/button_Overview_MuiButtonBase-root MuiIconB_eec332' is clicked on

2023-09-21 10:49:30 - [TEST_STEP][PASSED] - click(findTestObject("Object Repository/Overview/Page_FakeDoor/span_Logout")): Object: 'Object Repository/Overview/Page_FakeDoor/span_Logout' is clicked on

2023-09-21 10:49:33 - [MESSAGE][PASSED] - Object: 'Object Repository/Overview/Page_FakeDoor/span_Logout' is clicked on

2023-09-21 10:49:33 - [TEST_STEP][PASSED] - closeBrowser(): Browser is closed

2023-09-21 10:49:34 - [MESSAGE][PASSED] - Browser is closed]]></system-out>
         <system-err><![CDATA[]]></system-err>
      </testcase>
      <testcase name="Test Cases/Buttons/Profile" time="85.475" classname="Test Cases/Buttons/Profile" status="PASSED">
         <system-out><![CDATA[2023-09-21 10:49:34 - [TEST_CASE][PASSED] - Test Cases/Buttons/Profile: Test Cases/Buttons/Profile

2023-09-21 10:49:34 - [TEST_STEP][PASSED] - openBrowser(""): Browser is opened with url: ''

2023-09-21 10:49:34 - [MESSAGE][INFO] - Starting 'Chrome' driver

2023-09-21 10:49:34 - [MESSAGE][INFO] - Action delay is set to 2,000 milliseconds

2023-09-21 10:49:35 - [MESSAGE][PASSED] - Browser is opened with url: ''

2023-09-21 10:49:35 - [TEST_STEP][PASSED] - navigateToUrl("https://delightful-stone-07bb55f0f.3.azurestaticapps.net/"): Navigate to 'https://delightful-stone-07bb55f0f.3.azurestaticapps.net/' successfully

2023-09-21 10:49:38 - [MESSAGE][PASSED] - Navigate to 'https://delightful-stone-07bb55f0f.3.azurestaticapps.net/' successfully

2023-09-21 10:49:38 - [TEST_STEP][PASSED] - maximizeWindow(): Current window maximized

2023-09-21 10:49:38 - [MESSAGE][PASSED] - Current window maximized

2023-09-21 10:49:38 - [TEST_STEP][PASSED] - click(findTestObject("Object Repository/Profile/Page_FakeDoor/button_Sign In")): Object: 'Object Repository/Profile/Page_FakeDoor/button_Sign In' is clicked on

2023-09-21 10:49:41 - [MESSAGE][PASSED] - Object: 'Object Repository/Profile/Page_FakeDoor/button_Sign In' is clicked on

2023-09-21 10:49:41 - [TEST_STEP][PASSED] - setText(findTestObject("Object Repository/Profile/Page_FakeDoor/input_User Name_username"), "admin2"): Text 'admin2' is set on object 'Object Repository/Profile/Page_FakeDoor/input_User Name_username'

2023-09-21 10:49:51 - [MESSAGE][PASSED] - Text 'admin2' is set on object 'Object Repository/Profile/Page_FakeDoor/input_User Name_username'

2023-09-21 10:49:51 - [TEST_STEP][PASSED] - setEncryptedText(findTestObject("Object Repository/Profile/Page_FakeDoor/input_Password_password"), "Lm1Albv1LteQ2KmNJoEiNQ=="): Text ****** has been set on object 'Object Repository/Profile/Page_FakeDoor/input_Password_password'

2023-09-21 10:49:57 - [MESSAGE][PASSED] - Text ****** has been set on object 'Object Repository/Profile/Page_FakeDoor/input_Password_password'

2023-09-21 10:49:57 - [TEST_STEP][PASSED] - click(findTestObject("Object Repository/Profile/Page_FakeDoor/button_Login")): Object: 'Object Repository/Profile/Page_FakeDoor/button_Login' is clicked on

2023-09-21 10:50:01 - [MESSAGE][PASSED] - Object: 'Object Repository/Profile/Page_FakeDoor/button_Login' is clicked on

2023-09-21 10:50:01 - [TEST_STEP][PASSED] - click(findTestObject("Object Repository/Profile/Page_FakeDoor/button_Day")): Object: 'Object Repository/Profile/Page_FakeDoor/button_Day' is clicked on

2023-09-21 10:50:07 - [MESSAGE][PASSED] - Object: 'Object Repository/Profile/Page_FakeDoor/button_Day' is clicked on

2023-09-21 10:50:07 - [TEST_STEP][PASSED] - click(findTestObject("Object Repository/Profile/Page_FakeDoor/button_Week")): Object: 'Object Repository/Profile/Page_FakeDoor/button_Week' is clicked on

2023-09-21 10:50:11 - [MESSAGE][PASSED] - Object: 'Object Repository/Profile/Page_FakeDoor/button_Week' is clicked on

2023-09-21 10:50:11 - [TEST_STEP][PASSED] - click(findTestObject("Object Repository/Profile/Page_FakeDoor/p_SUN")): Object: 'Object Repository/Profile/Page_FakeDoor/p_SUN' is clicked on

2023-09-21 10:50:14 - [MESSAGE][PASSED] - Object: 'Object Repository/Profile/Page_FakeDoor/p_SUN' is clicked on

2023-09-21 10:50:14 - [TEST_STEP][PASSED] - click(findTestObject("Object Repository/Profile/Page_FakeDoor/button_Week")): Object: 'Object Repository/Profile/Page_FakeDoor/button_Week' is clicked on

2023-09-21 10:50:16 - [MESSAGE][PASSED] - Object: 'Object Repository/Profile/Page_FakeDoor/button_Week' is clicked on

2023-09-21 10:50:16 - [TEST_STEP][PASSED] - click(findTestObject("Object Repository/Profile/Page_FakeDoor/p_MON")): Object: 'Object Repository/Profile/Page_FakeDoor/p_MON' is clicked on

2023-09-21 10:50:19 - [MESSAGE][PASSED] - Object: 'Object Repository/Profile/Page_FakeDoor/p_MON' is clicked on

2023-09-21 10:50:19 - [TEST_STEP][PASSED] - click(findTestObject("Object Repository/Profile/Page_FakeDoor/button_Week")): Object: 'Object Repository/Profile/Page_FakeDoor/button_Week' is clicked on

2023-09-21 10:50:21 - [MESSAGE][PASSED] - Object: 'Object Repository/Profile/Page_FakeDoor/button_Week' is clicked on

2023-09-21 10:50:21 - [TEST_STEP][PASSED] - click(findTestObject("Object Repository/Profile/Page_FakeDoor/p_TUE")): Object: 'Object Repository/Profile/Page_FakeDoor/p_TUE' is clicked on

2023-09-21 10:50:24 - [MESSAGE][PASSED] - Object: 'Object Repository/Profile/Page_FakeDoor/p_TUE' is clicked on

2023-09-21 10:50:24 - [TEST_STEP][PASSED] - click(findTestObject("Object Repository/Profile/Page_FakeDoor/button_Week")): Object: 'Object Repository/Profile/Page_FakeDoor/button_Week' is clicked on

2023-09-21 10:50:27 - [MESSAGE][PASSED] - Object: 'Object Repository/Profile/Page_FakeDoor/button_Week' is clicked on

2023-09-21 10:50:27 - [TEST_STEP][PASSED] - click(findTestObject("Object Repository/Profile/Page_FakeDoor/p_WED")): Object: 'Object Repository/Profile/Page_FakeDoor/p_WED' is clicked on

2023-09-21 10:50:29 - [MESSAGE][PASSED] - Object: 'Object Repository/Profile/Page_FakeDoor/p_WED' is clicked on

2023-09-21 10:50:29 - [TEST_STEP][PASSED] - click(findTestObject("Object Repository/Profile/Page_FakeDoor/button_Week")): Object: 'Object Repository/Profile/Page_FakeDoor/button_Week' is clicked on

2023-09-21 10:50:32 - [MESSAGE][PASSED] - Object: 'Object Repository/Profile/Page_FakeDoor/button_Week' is clicked on

2023-09-21 10:50:32 - [TEST_STEP][PASSED] - click(findTestObject("Object Repository/Profile/Page_FakeDoor/p_THU")): Object: 'Object Repository/Profile/Page_FakeDoor/p_THU' is clicked on

2023-09-21 10:50:34 - [MESSAGE][PASSED] - Object: 'Object Repository/Profile/Page_FakeDoor/p_THU' is clicked on

2023-09-21 10:50:34 - [TEST_STEP][PASSED] - click(findTestObject("Object Repository/Profile/Page_FakeDoor/button_Week")): Object: 'Object Repository/Profile/Page_FakeDoor/button_Week' is clicked on

2023-09-21 10:50:37 - [MESSAGE][PASSED] - Object: 'Object Repository/Profile/Page_FakeDoor/button_Week' is clicked on

2023-09-21 10:50:37 - [TEST_STEP][PASSED] - click(findTestObject("Object Repository/Profile/Page_FakeDoor/p_FRI")): Object: 'Object Repository/Profile/Page_FakeDoor/p_FRI' is clicked on

2023-09-21 10:50:40 - [MESSAGE][PASSED] - Object: 'Object Repository/Profile/Page_FakeDoor/p_FRI' is clicked on

2023-09-21 10:50:40 - [TEST_STEP][PASSED] - click(findTestObject("Object Repository/Profile/Page_FakeDoor/button_Week")): Object: 'Object Repository/Profile/Page_FakeDoor/button_Week' is clicked on

2023-09-21 10:50:42 - [MESSAGE][PASSED] - Object: 'Object Repository/Profile/Page_FakeDoor/button_Week' is clicked on

2023-09-21 10:50:42 - [TEST_STEP][PASSED] - click(findTestObject("Object Repository/Profile/Page_FakeDoor/p_SAT")): Object: 'Object Repository/Profile/Page_FakeDoor/p_SAT' is clicked on

2023-09-21 10:50:45 - [MESSAGE][PASSED] - Object: 'Object Repository/Profile/Page_FakeDoor/p_SAT' is clicked on

2023-09-21 10:50:45 - [TEST_STEP][PASSED] - click(findTestObject("Object Repository/Profile/Page_FakeDoor/button_Month")): Object: 'Object Repository/Profile/Page_FakeDoor/button_Month' is clicked on

2023-09-21 10:50:47 - [MESSAGE][PASSED] - Object: 'Object Repository/Profile/Page_FakeDoor/button_Month' is clicked on

2023-09-21 10:50:47 - [TEST_STEP][PASSED] - click(findTestObject("Object Repository/Profile/Page_FakeDoor/button_Continue")): Object: 'Object Repository/Profile/Page_FakeDoor/button_Continue' is clicked on

2023-09-21 10:50:50 - [MESSAGE][PASSED] - Object: 'Object Repository/Profile/Page_FakeDoor/button_Continue' is clicked on

2023-09-21 10:50:50 - [TEST_STEP][PASSED] - click(findTestObject("Object Repository/Profile/Page_FakeDoor/button_Back")): Object: 'Object Repository/Profile/Page_FakeDoor/button_Back' is clicked on

2023-09-21 10:50:53 - [MESSAGE][PASSED] - Object: 'Object Repository/Profile/Page_FakeDoor/button_Back' is clicked on

2023-09-21 10:50:53 - [TEST_STEP][PASSED] - click(findTestObject("Object Repository/Profile/Page_FakeDoor/button_Overview_MuiButtonBase-root MuiIconB_eec332")): Object: 'Object Repository/Profile/Page_FakeDoor/button_Overview_MuiButtonBase-root MuiIconB_eec332' is clicked on

2023-09-21 10:50:56 - [MESSAGE][PASSED] - Object: 'Object Repository/Profile/Page_FakeDoor/button_Overview_MuiButtonBase-root MuiIconB_eec332' is clicked on

2023-09-21 10:50:56 - [TEST_STEP][PASSED] - click(findTestObject("Object Repository/Profile/Page_FakeDoor/span_Logout")): Object: 'Object Repository/Profile/Page_FakeDoor/span_Logout' is clicked on

2023-09-21 10:50:58 - [MESSAGE][PASSED] - Object: 'Object Repository/Profile/Page_FakeDoor/span_Logout' is clicked on

2023-09-21 10:50:58 - [TEST_STEP][PASSED] - closeBrowser(): Browser is closed

2023-09-21 10:50:59 - [MESSAGE][PASSED] - Browser is closed]]></system-out>
         <system-err><![CDATA[]]></system-err>
      </testcase>
      <testcase name="Test Cases/Buttons/Progress" time="80.77" classname="Test Cases/Buttons/Progress" status="PASSED">
         <system-out><![CDATA[2023-09-21 10:50:59 - [TEST_CASE][PASSED] - Test Cases/Buttons/Progress: Test Cases/Buttons/Progress

2023-09-21 10:50:59 - [TEST_STEP][PASSED] - openBrowser(""): Browser is opened with url: ''

2023-09-21 10:50:59 - [MESSAGE][INFO] - Starting 'Chrome' driver

2023-09-21 10:50:59 - [MESSAGE][INFO] - Action delay is set to 2,000 milliseconds

2023-09-21 10:51:01 - [MESSAGE][PASSED] - Browser is opened with url: ''

2023-09-21 10:51:01 - [TEST_STEP][PASSED] - navigateToUrl("https://delightful-stone-07bb55f0f.3.azurestaticapps.net/"): Navigate to 'https://delightful-stone-07bb55f0f.3.azurestaticapps.net/' successfully

2023-09-21 10:51:03 - [MESSAGE][PASSED] - Navigate to 'https://delightful-stone-07bb55f0f.3.azurestaticapps.net/' successfully

2023-09-21 10:51:03 - [TEST_STEP][PASSED] - maximizeWindow(): Current window maximized

2023-09-21 10:51:03 - [MESSAGE][PASSED] - Current window maximized

2023-09-21 10:51:03 - [TEST_STEP][PASSED] - click(findTestObject("Object Repository/Progress/Page_FakeDoor/button_Sign In")): Object: 'Object Repository/Progress/Page_FakeDoor/button_Sign In' is clicked on

2023-09-21 10:51:07 - [MESSAGE][PASSED] - Object: 'Object Repository/Progress/Page_FakeDoor/button_Sign In' is clicked on

2023-09-21 10:51:07 - [TEST_STEP][PASSED] - setText(findTestObject("Object Repository/Progress/Page_FakeDoor/input_User Name_username"), "admin2"): Text 'admin2' is set on object 'Object Repository/Progress/Page_FakeDoor/input_User Name_username'

2023-09-21 10:51:13 - [MESSAGE][PASSED] - Text 'admin2' is set on object 'Object Repository/Progress/Page_FakeDoor/input_User Name_username'

2023-09-21 10:51:13 - [TEST_STEP][PASSED] - setEncryptedText(findTestObject("Object Repository/Progress/Page_FakeDoor/input_Password_password"), "Lm1Albv1LteQ2KmNJoEiNQ=="): Text ****** has been set on object 'Object Repository/Progress/Page_FakeDoor/input_Password_password'

2023-09-21 10:51:17 - [MESSAGE][PASSED] - Text ****** has been set on object 'Object Repository/Progress/Page_FakeDoor/input_Password_password'

2023-09-21 10:51:17 - [TEST_STEP][PASSED] - click(findTestObject("Object Repository/Progress/Page_FakeDoor/button_Login")): Object: 'Object Repository/Progress/Page_FakeDoor/button_Login' is clicked on

2023-09-21 10:51:20 - [MESSAGE][PASSED] - Object: 'Object Repository/Progress/Page_FakeDoor/button_Login' is clicked on

2023-09-21 10:51:20 - [TEST_STEP][PASSED] - click(findTestObject("Object Repository/Progress/Page_FakeDoor/span_Progress")): Object: 'Object Repository/Progress/Page_FakeDoor/span_Progress' is clicked on

2023-09-21 10:51:25 - [MESSAGE][PASSED] - Object: 'Object Repository/Progress/Page_FakeDoor/span_Progress' is clicked on

2023-09-21 10:51:25 - [TEST_STEP][PASSED] - click(findTestObject("Object Repository/Progress/Page_FakeDoor/span_Physics")): Object: 'Object Repository/Progress/Page_FakeDoor/span_Physics' is clicked on

2023-09-21 10:51:28 - [MESSAGE][PASSED] - Object: 'Object Repository/Progress/Page_FakeDoor/span_Physics' is clicked on

2023-09-21 10:51:28 - [TEST_STEP][PASSED] - click(findTestObject("Object Repository/Progress/Page_FakeDoor/p_4.1 Energy")): Object: 'Object Repository/Progress/Page_FakeDoor/p_4.1 Energy' is clicked on

2023-09-21 10:51:31 - [MESSAGE][PASSED] - Object: 'Object Repository/Progress/Page_FakeDoor/p_4.1 Energy' is clicked on

2023-09-21 10:51:31 - [TEST_STEP][PASSED] - click(findTestObject("Object Repository/Progress/Page_FakeDoor/img")): Object: 'Object Repository/Progress/Page_FakeDoor/img' is clicked on

2023-09-21 10:51:34 - [MESSAGE][PASSED] - Object: 'Object Repository/Progress/Page_FakeDoor/img' is clicked on

2023-09-21 10:51:34 - [TEST_STEP][PASSED] - click(findTestObject("Object Repository/Progress/Page_FakeDoor/p_4.2 Electricity")): Object: 'Object Repository/Progress/Page_FakeDoor/p_4.2 Electricity' is clicked on

2023-09-21 10:51:37 - [MESSAGE][PASSED] - Object: 'Object Repository/Progress/Page_FakeDoor/p_4.2 Electricity' is clicked on

2023-09-21 10:51:37 - [TEST_STEP][PASSED] - click(findTestObject("Object Repository/Progress/Page_FakeDoor/img")): Object: 'Object Repository/Progress/Page_FakeDoor/img' is clicked on

2023-09-21 10:51:39 - [MESSAGE][PASSED] - Object: 'Object Repository/Progress/Page_FakeDoor/img' is clicked on

2023-09-21 10:51:39 - [TEST_STEP][PASSED] - click(findTestObject("Object Repository/Progress/Page_FakeDoor/p_4.3 Particle model of matter")): Object: 'Object Repository/Progress/Page_FakeDoor/p_4.3 Particle model of matter' is clicked on

2023-09-21 10:51:42 - [MESSAGE][PASSED] - Object: 'Object Repository/Progress/Page_FakeDoor/p_4.3 Particle model of matter' is clicked on

2023-09-21 10:51:42 - [TEST_STEP][PASSED] - click(findTestObject("Object Repository/Progress/Page_FakeDoor/img")): Object: 'Object Repository/Progress/Page_FakeDoor/img' is clicked on

2023-09-21 10:51:44 - [MESSAGE][PASSED] - Object: 'Object Repository/Progress/Page_FakeDoor/img' is clicked on

2023-09-21 10:51:44 - [TEST_STEP][PASSED] - click(findTestObject("Object Repository/Progress/Page_FakeDoor/p_4.4 Atomic Structure")): Object: 'Object Repository/Progress/Page_FakeDoor/p_4.4 Atomic Structure' is clicked on

2023-09-21 10:51:47 - [MESSAGE][PASSED] - Object: 'Object Repository/Progress/Page_FakeDoor/p_4.4 Atomic Structure' is clicked on

2023-09-21 10:51:47 - [TEST_STEP][PASSED] - click(findTestObject("Object Repository/Progress/Page_FakeDoor/img")): Object: 'Object Repository/Progress/Page_FakeDoor/img' is clicked on

2023-09-21 10:51:49 - [MESSAGE][PASSED] - Object: 'Object Repository/Progress/Page_FakeDoor/img' is clicked on

2023-09-21 10:51:49 - [TEST_STEP][PASSED] - click(findTestObject("Object Repository/Progress/Page_FakeDoor/p_4.5 Forces")): Object: 'Object Repository/Progress/Page_FakeDoor/p_4.5 Forces' is clicked on

2023-09-21 10:51:52 - [MESSAGE][PASSED] - Object: 'Object Repository/Progress/Page_FakeDoor/p_4.5 Forces' is clicked on

2023-09-21 10:51:52 - [TEST_STEP][PASSED] - click(findTestObject("Object Repository/Progress/Page_FakeDoor/img")): Object: 'Object Repository/Progress/Page_FakeDoor/img' is clicked on

2023-09-21 10:51:54 - [MESSAGE][PASSED] - Object: 'Object Repository/Progress/Page_FakeDoor/img' is clicked on

2023-09-21 10:51:54 - [TEST_STEP][PASSED] - click(findTestObject("Object Repository/Progress/Page_FakeDoor/p_4.6 Waves")): Object: 'Object Repository/Progress/Page_FakeDoor/p_4.6 Waves' is clicked on

2023-09-21 10:51:57 - [MESSAGE][PASSED] - Object: 'Object Repository/Progress/Page_FakeDoor/p_4.6 Waves' is clicked on

2023-09-21 10:51:57 - [TEST_STEP][PASSED] - click(findTestObject("Object Repository/Progress/Page_FakeDoor/img")): Object: 'Object Repository/Progress/Page_FakeDoor/img' is clicked on

2023-09-21 10:51:59 - [MESSAGE][PASSED] - Object: 'Object Repository/Progress/Page_FakeDoor/img' is clicked on

2023-09-21 10:51:59 - [TEST_STEP][PASSED] - click(findTestObject("Object Repository/Progress/Page_FakeDoor/p_4.7 Magnetism and electromagnetism")): Object: 'Object Repository/Progress/Page_FakeDoor/p_4.7 Magnetism and electromagnetism' is clicked on

2023-09-21 10:52:02 - [MESSAGE][PASSED] - Object: 'Object Repository/Progress/Page_FakeDoor/p_4.7 Magnetism and electromagnetism' is clicked on

2023-09-21 10:52:02 - [TEST_STEP][PASSED] - click(findTestObject("Object Repository/Progress/Page_FakeDoor/img")): Object: 'Object Repository/Progress/Page_FakeDoor/img' is clicked on

2023-09-21 10:52:04 - [MESSAGE][PASSED] - Object: 'Object Repository/Progress/Page_FakeDoor/img' is clicked on

2023-09-21 10:52:04 - [TEST_STEP][PASSED] - click(findTestObject("Object Repository/Progress/Page_FakeDoor/p_4.8 Space physics")): Object: 'Object Repository/Progress/Page_FakeDoor/p_4.8 Space physics' is clicked on

2023-09-21 10:52:07 - [MESSAGE][PASSED] - Object: 'Object Repository/Progress/Page_FakeDoor/p_4.8 Space physics' is clicked on

2023-09-21 10:52:07 - [TEST_STEP][PASSED] - click(findTestObject("Object Repository/Progress/Page_FakeDoor/img")): Object: 'Object Repository/Progress/Page_FakeDoor/img' is clicked on

2023-09-21 10:52:09 - [MESSAGE][PASSED] - Object: 'Object Repository/Progress/Page_FakeDoor/img' is clicked on

2023-09-21 10:52:09 - [TEST_STEP][PASSED] - click(findTestObject("Object Repository/Progress/Page_FakeDoor/p_4.9 Key Ideas")): Object: 'Object Repository/Progress/Page_FakeDoor/p_4.9 Key Ideas' is clicked on

2023-09-21 10:52:12 - [MESSAGE][PASSED] - Object: 'Object Repository/Progress/Page_FakeDoor/p_4.9 Key Ideas' is clicked on

2023-09-21 10:52:12 - [TEST_STEP][PASSED] - click(findTestObject("Object Repository/Progress/Page_FakeDoor/img")): Object: 'Object Repository/Progress/Page_FakeDoor/img' is clicked on

2023-09-21 10:52:14 - [MESSAGE][PASSED] - Object: 'Object Repository/Progress/Page_FakeDoor/img' is clicked on

2023-09-21 10:52:14 - [TEST_STEP][PASSED] - click(findTestObject("Object Repository/Progress/Page_FakeDoor/button_Week")): Object: 'Object Repository/Progress/Page_FakeDoor/button_Week' is clicked on

2023-09-21 10:52:17 - [MESSAGE][PASSED] - Object: 'Object Repository/Progress/Page_FakeDoor/button_Week' is clicked on

2023-09-21 10:52:17 - [TEST_STEP][PASSED] - click(findTestObject("Object Repository/Progress/Page_FakeDoor/button_Month")): Object: 'Object Repository/Progress/Page_FakeDoor/button_Month' is clicked on

2023-09-21 10:52:19 - [MESSAGE][PASSED] - Object: 'Object Repository/Progress/Page_FakeDoor/button_Month' is clicked on

2023-09-21 10:52:19 - [TEST_STEP][PASSED] - closeBrowser(): Browser is closed

2023-09-21 10:52:20 - [MESSAGE][PASSED] - Browser is closed]]></system-out>
         <system-err><![CDATA[]]></system-err>
      </testcase>
      <testcase name="Test Cases/Buttons/Settings" time="45.458" classname="Test Cases/Buttons/Settings" status="PASSED">
         <system-out><![CDATA[2023-09-21 10:52:20 - [TEST_CASE][PASSED] - Test Cases/Buttons/Settings: Test Cases/Buttons/Settings

2023-09-21 10:52:20 - [TEST_STEP][PASSED] - openBrowser(""): Browser is opened with url: ''

2023-09-21 10:52:20 - [MESSAGE][INFO] - Starting 'Chrome' driver

2023-09-21 10:52:20 - [MESSAGE][INFO] - Action delay is set to 2,000 milliseconds

2023-09-21 10:52:21 - [MESSAGE][PASSED] - Browser is opened with url: ''

2023-09-21 10:52:21 - [TEST_STEP][PASSED] - navigateToUrl("https://delightful-stone-07bb55f0f.3.azurestaticapps.net/"): Navigate to 'https://delightful-stone-07bb55f0f.3.azurestaticapps.net/' successfully

2023-09-21 10:52:24 - [MESSAGE][PASSED] - Navigate to 'https://delightful-stone-07bb55f0f.3.azurestaticapps.net/' successfully

2023-09-21 10:52:24 - [TEST_STEP][PASSED] - maximizeWindow(): Current window maximized

2023-09-21 10:52:24 - [MESSAGE][PASSED] - Current window maximized

2023-09-21 10:52:24 - [TEST_STEP][PASSED] - click(findTestObject("Object Repository/Settings/Page_FakeDoor/button_Sign In")): Object: 'Object Repository/Settings/Page_FakeDoor/button_Sign In' is clicked on

2023-09-21 10:52:27 - [MESSAGE][PASSED] - Object: 'Object Repository/Settings/Page_FakeDoor/button_Sign In' is clicked on

2023-09-21 10:52:27 - [TEST_STEP][PASSED] - setText(findTestObject("Object Repository/Settings/Page_FakeDoor/input_User Name_username"), "admin2"): Text 'admin2' is set on object 'Object Repository/Settings/Page_FakeDoor/input_User Name_username'

2023-09-21 10:52:35 - [MESSAGE][PASSED] - Text 'admin2' is set on object 'Object Repository/Settings/Page_FakeDoor/input_User Name_username'

2023-09-21 10:52:35 - [TEST_STEP][PASSED] - setEncryptedText(findTestObject("Object Repository/Settings/Page_FakeDoor/input_Password_password"), "Lm1Albv1LteQ2KmNJoEiNQ=="): Text ****** has been set on object 'Object Repository/Settings/Page_FakeDoor/input_Password_password'

2023-09-21 10:52:39 - [MESSAGE][PASSED] - Text ****** has been set on object 'Object Repository/Settings/Page_FakeDoor/input_Password_password'

2023-09-21 10:52:39 - [TEST_STEP][PASSED] - click(findTestObject("Object Repository/Settings/Page_FakeDoor/button_Login")): Object: 'Object Repository/Settings/Page_FakeDoor/button_Login' is clicked on

2023-09-21 10:52:42 - [MESSAGE][PASSED] - Object: 'Object Repository/Settings/Page_FakeDoor/button_Login' is clicked on

2023-09-21 10:52:42 - [TEST_STEP][PASSED] - click(findTestObject("Object Repository/Settings/Page_FakeDoor/span_Settings")): Object: 'Object Repository/Settings/Page_FakeDoor/span_Settings' is clicked on

2023-09-21 10:52:47 - [MESSAGE][PASSED] - Object: 'Object Repository/Settings/Page_FakeDoor/span_Settings' is clicked on

2023-09-21 10:52:47 - [TEST_STEP][PASSED] - click(findTestObject("Object Repository/Settings/Page_FakeDoor/button_Password")): Object: 'Object Repository/Settings/Page_FakeDoor/button_Password' is clicked on

2023-09-21 10:52:49 - [MESSAGE][PASSED] - Object: 'Object Repository/Settings/Page_FakeDoor/button_Password' is clicked on

2023-09-21 10:52:49 - [TEST_STEP][PASSED] - click(findTestObject("Object Repository/Settings/Page_FakeDoor/button_Account")): Object: 'Object Repository/Settings/Page_FakeDoor/button_Account' is clicked on

2023-09-21 10:52:52 - [MESSAGE][PASSED] - Object: 'Object Repository/Settings/Page_FakeDoor/button_Account' is clicked on

2023-09-21 10:52:52 - [TEST_STEP][PASSED] - click(findTestObject("Object Repository/Settings/Page_FakeDoor/input_Name_name")): Object: 'Object Repository/Settings/Page_FakeDoor/input_Name_name' is clicked on

2023-09-21 10:52:55 - [MESSAGE][PASSED] - Object: 'Object Repository/Settings/Page_FakeDoor/input_Name_name' is clicked on

2023-09-21 10:52:55 - [TEST_STEP][PASSED] - click(findTestObject("Object Repository/Settings/Page_FakeDoor/button_Password")): Object: 'Object Repository/Settings/Page_FakeDoor/button_Password' is clicked on

2023-09-21 10:52:57 - [MESSAGE][PASSED] - Object: 'Object Repository/Settings/Page_FakeDoor/button_Password' is clicked on

2023-09-21 10:52:57 - [TEST_STEP][PASSED] - click(findTestObject("Object Repository/Settings/Page_FakeDoor/div_Current PasswordCurrent PasswordNew Pas_fe54c8")): Object: 'Object Repository/Settings/Page_FakeDoor/div_Current PasswordCurrent PasswordNew Pas_fe54c8' is clicked on

2023-09-21 10:53:00 - [MESSAGE][PASSED] - Object: 'Object Repository/Settings/Page_FakeDoor/div_Current PasswordCurrent PasswordNew Pas_fe54c8' is clicked on

2023-09-21 10:53:00 - [TEST_STEP][PASSED] - click(findTestObject("Object Repository/Settings/Page_FakeDoor/button_Overview_MuiButtonBase-root MuiIconB_eec332")): Object: 'Object Repository/Settings/Page_FakeDoor/button_Overview_MuiButtonBase-root MuiIconB_eec332' is clicked on

2023-09-21 10:53:02 - [MESSAGE][PASSED] - Object: 'Object Repository/Settings/Page_FakeDoor/button_Overview_MuiButtonBase-root MuiIconB_eec332' is clicked on

2023-09-21 10:53:02 - [TEST_STEP][PASSED] - click(findTestObject("Object Repository/Settings/Page_FakeDoor/span_Logout")): Object: 'Object Repository/Settings/Page_FakeDoor/span_Logout' is clicked on

2023-09-21 10:53:05 - [MESSAGE][PASSED] - Object: 'Object Repository/Settings/Page_FakeDoor/span_Logout' is clicked on

2023-09-21 10:53:05 - [TEST_STEP][PASSED] - closeBrowser(): Browser is closed

2023-09-21 10:53:05 - [MESSAGE][PASSED] - Browser is closed]]></system-out>
         <system-err><![CDATA[]]></system-err>
      </testcase>
      <testcase name="Test Cases/Buttons/Tests" time="59.094" classname="Test Cases/Buttons/Tests" status="PASSED">
         <system-out><![CDATA[2023-09-21 10:53:05 - [TEST_CASE][PASSED] - Test Cases/Buttons/Tests: Test Cases/Buttons/Tests

2023-09-21 10:53:06 - [TEST_STEP][PASSED] - openBrowser(""): Browser is opened with url: ''

2023-09-21 10:53:06 - [MESSAGE][INFO] - Starting 'Chrome' driver

2023-09-21 10:53:06 - [MESSAGE][INFO] - Action delay is set to 2,000 milliseconds

2023-09-21 10:53:07 - [MESSAGE][PASSED] - Browser is opened with url: ''

2023-09-21 10:53:07 - [TEST_STEP][PASSED] - navigateToUrl("https://delightful-stone-07bb55f0f.3.azurestaticapps.net/"): Navigate to 'https://delightful-stone-07bb55f0f.3.azurestaticapps.net/' successfully

2023-09-21 10:53:09 - [MESSAGE][PASSED] - Navigate to 'https://delightful-stone-07bb55f0f.3.azurestaticapps.net/' successfully

2023-09-21 10:53:09 - [TEST_STEP][PASSED] - maximizeWindow(): Current window maximized

2023-09-21 10:53:09 - [MESSAGE][PASSED] - Current window maximized

2023-09-21 10:53:09 - [TEST_STEP][PASSED] - click(findTestObject("Object Repository/Tests/Page_FakeDoor/button_Sign In")): Object: 'Object Repository/Tests/Page_FakeDoor/button_Sign In' is clicked on

2023-09-21 10:53:12 - [MESSAGE][PASSED] - Object: 'Object Repository/Tests/Page_FakeDoor/button_Sign In' is clicked on

2023-09-21 10:53:12 - [TEST_STEP][PASSED] - setText(findTestObject("Object Repository/Tests/Page_FakeDoor/input_User Name_username"), "admin2"): Text 'admin2' is set on object 'Object Repository/Tests/Page_FakeDoor/input_User Name_username'

2023-09-21 10:53:18 - [MESSAGE][PASSED] - Text 'admin2' is set on object 'Object Repository/Tests/Page_FakeDoor/input_User Name_username'

2023-09-21 10:53:18 - [TEST_STEP][PASSED] - setEncryptedText(findTestObject("Object Repository/Tests/Page_FakeDoor/input_Password_password"), "Lm1Albv1LteQ2KmNJoEiNQ=="): Text ****** has been set on object 'Object Repository/Tests/Page_FakeDoor/input_Password_password'

2023-09-21 10:53:22 - [MESSAGE][PASSED] - Text ****** has been set on object 'Object Repository/Tests/Page_FakeDoor/input_Password_password'

2023-09-21 10:53:22 - [TEST_STEP][PASSED] - click(findTestObject("Object Repository/Tests/Page_FakeDoor/button_Login")): Object: 'Object Repository/Tests/Page_FakeDoor/button_Login' is clicked on

2023-09-21 10:53:24 - [MESSAGE][PASSED] - Object: 'Object Repository/Tests/Page_FakeDoor/button_Login' is clicked on

2023-09-21 10:53:24 - [TEST_STEP][PASSED] - click(findTestObject("Object Repository/Tests/Page_FakeDoor/span_Tests")): Object: 'Object Repository/Tests/Page_FakeDoor/span_Tests' is clicked on

2023-09-21 10:53:30 - [MESSAGE][PASSED] - Object: 'Object Repository/Tests/Page_FakeDoor/span_Tests' is clicked on

2023-09-21 10:53:30 - [TEST_STEP][PASSED] - click(findTestObject("Object Repository/Tests/Page_FakeDoor/span_Physics")): Object: 'Object Repository/Tests/Page_FakeDoor/span_Physics' is clicked on

2023-09-21 10:53:33 - [MESSAGE][PASSED] - Object: 'Object Repository/Tests/Page_FakeDoor/span_Physics' is clicked on

2023-09-21 10:53:33 - [TEST_STEP][PASSED] - click(findTestObject("Object Repository/Tests/Page_FakeDoor/input_Settings_multipleChoice")): Object: 'Object Repository/Tests/Page_FakeDoor/input_Settings_multipleChoice' is clicked on

2023-09-21 10:53:35 - [MESSAGE][PASSED] - Object: 'Object Repository/Tests/Page_FakeDoor/input_Settings_multipleChoice' is clicked on

2023-09-21 10:53:35 - [TEST_STEP][PASSED] - click(findTestObject("Object Repository/Tests/Page_FakeDoor/input_Settings_multipleChoice")): Object: 'Object Repository/Tests/Page_FakeDoor/input_Settings_multipleChoice' is clicked on

2023-09-21 10:53:38 - [MESSAGE][PASSED] - Object: 'Object Repository/Tests/Page_FakeDoor/input_Settings_multipleChoice' is clicked on

2023-09-21 10:53:38 - [TEST_STEP][PASSED] - click(findTestObject("Object Repository/Tests/Page_FakeDoor/input_Settings_longAnswer")): Object: 'Object Repository/Tests/Page_FakeDoor/input_Settings_longAnswer' is clicked on

2023-09-21 10:53:40 - [MESSAGE][PASSED] - Object: 'Object Repository/Tests/Page_FakeDoor/input_Settings_longAnswer' is clicked on

2023-09-21 10:53:40 - [TEST_STEP][PASSED] - click(findTestObject("Object Repository/Tests/Page_FakeDoor/input_Settings_longAnswer")): Object: 'Object Repository/Tests/Page_FakeDoor/input_Settings_longAnswer' is clicked on

2023-09-21 10:53:43 - [MESSAGE][PASSED] - Object: 'Object Repository/Tests/Page_FakeDoor/input_Settings_longAnswer' is clicked on

2023-09-21 10:53:43 - [TEST_STEP][PASSED] - click(findTestObject("Object Repository/Tests/Page_FakeDoor/img")): Object: 'Object Repository/Tests/Page_FakeDoor/img' is clicked on

2023-09-21 10:53:46 - [MESSAGE][PASSED] - Object: 'Object Repository/Tests/Page_FakeDoor/img' is clicked on

2023-09-21 10:53:46 - [TEST_STEP][PASSED] - click(findTestObject("Object Repository/Tests/Page_FakeDoor/img")): Object: 'Object Repository/Tests/Page_FakeDoor/img' is clicked on

2023-09-21 10:53:48 - [MESSAGE][PASSED] - Object: 'Object Repository/Tests/Page_FakeDoor/img' is clicked on

2023-09-21 10:53:48 - [TEST_STEP][PASSED] - click(findTestObject("Object Repository/Tests/Page_FakeDoor/img")): Object: 'Object Repository/Tests/Page_FakeDoor/img' is clicked on

2023-09-21 10:53:51 - [MESSAGE][PASSED] - Object: 'Object Repository/Tests/Page_FakeDoor/img' is clicked on

2023-09-21 10:53:51 - [TEST_STEP][PASSED] - click(findTestObject("Object Repository/Tests/Page_FakeDoor/img_1")): Object: 'Object Repository/Tests/Page_FakeDoor/img_1' is clicked on

2023-09-21 10:53:53 - [MESSAGE][PASSED] - Object: 'Object Repository/Tests/Page_FakeDoor/img_1' is clicked on

2023-09-21 10:53:53 - [TEST_STEP][PASSED] - click(findTestObject("Object Repository/Tests/Page_FakeDoor/img_1")): Object: 'Object Repository/Tests/Page_FakeDoor/img_1' is clicked on

2023-09-21 10:53:56 - [MESSAGE][PASSED] - Object: 'Object Repository/Tests/Page_FakeDoor/img_1' is clicked on

2023-09-21 10:53:56 - [TEST_STEP][PASSED] - click(findTestObject("Object Repository/Tests/Page_FakeDoor/img_1")): Object: 'Object Repository/Tests/Page_FakeDoor/img_1' is clicked on

2023-09-21 10:53:58 - [MESSAGE][PASSED] - Object: 'Object Repository/Tests/Page_FakeDoor/img_1' is clicked on

2023-09-21 10:53:58 - [TEST_STEP][PASSED] - click(findTestObject("Object Repository/Tests/Page_FakeDoor/button_Overview_MuiButtonBase-root MuiIconB_eec332")): Object: 'Object Repository/Tests/Page_FakeDoor/button_Overview_MuiButtonBase-root MuiIconB_eec332' is clicked on

2023-09-21 10:54:01 - [MESSAGE][PASSED] - Object: 'Object Repository/Tests/Page_FakeDoor/button_Overview_MuiButtonBase-root MuiIconB_eec332' is clicked on

2023-09-21 10:54:01 - [TEST_STEP][PASSED] - click(findTestObject("Object Repository/Tests/Page_FakeDoor/span_Logout")): Object: 'Object Repository/Tests/Page_FakeDoor/span_Logout' is clicked on

2023-09-21 10:54:04 - [MESSAGE][PASSED] - Object: 'Object Repository/Tests/Page_FakeDoor/span_Logout' is clicked on

2023-09-21 10:54:04 - [TEST_STEP][PASSED] - closeBrowser(): Browser is closed

2023-09-21 10:54:04 - [MESSAGE][PASSED] - Browser is closed]]></system-out>
         <system-err><![CDATA[]]></system-err>
      </testcase>
      <system-out><![CDATA[2023-09-21 10:41:11 - [TEST_SUITE][FAILED] - Buttons: Test Cases/Buttons/Overview FAILED.
Reason:
com.kms.katalon.core.exception.StepFailedException: Unable to click on object 'Object Repository/Overview/Page_FakeDoor/img_Back_MuiBox-root mui-style-1f4e7rj_1_2' (Root cause: com.kms.katalon.core.exception.StepFailedException: Unable to click on object 'Object Repository/Overview/Page_FakeDoor/img_Back_MuiBox-root mui-style-1f4e7rj_1_2'
	at com.kms.katalon.core.webui.keyword.internal.WebUIKeywordMain.stepFailed(WebUIKeywordMain.groovy:64)
	at com.kms.katalon.core.webui.keyword.internal.WebUIKeywordMain.runKeyword(WebUIKeywordMain.groovy:26)
	at com.kms.katalon.core.webui.keyword.builtin.ClickKeyword.click(ClickKeyword.groovy:74)
	at com.kms.katalon.core.webui.keyword.builtin.ClickKeyword.execute(ClickKeyword.groovy:40)
	at com.kms.katalon.core.keyword.internal.KeywordExecutor.executeKeywordForPlatform(KeywordExecutor.groovy:74)
	at com.kms.katalon.core.webui.keyword.WebUiBuiltInKeywords.click(WebUiBuiltInKeywords.groovy:620)
	at com.kms.katalon.core.webui.keyword.WebUiBuiltInKeywords$click$2.call(Unknown Source)
	at Overview.run(Overview:42)
	at com.kms.katalon.core.main.ScriptEngine.run(ScriptEngine.java:194)
	at com.kms.katalon.core.main.ScriptEngine.runScriptAsRawText(ScriptEngine.java:119)
	at com.kms.katalon.core.main.TestCaseExecutor.runScript(TestCaseExecutor.java:448)
	at com.kms.katalon.core.main.TestCaseExecutor.doExecute(TestCaseExecutor.java:439)
	at com.kms.katalon.core.main.TestCaseExecutor.processExecutionPhase(TestCaseExecutor.java:418)
	at com.kms.katalon.core.main.TestCaseExecutor.accessMainPhase(TestCaseExecutor.java:410)
	at com.kms.katalon.core.main.TestCaseExecutor.execute(TestCaseExecutor.java:285)
	at com.kms.katalon.core.common.CommonExecutor.accessTestCaseMainPhase(CommonExecutor.java:65)
	at com.kms.katalon.core.main.TestSuiteExecutor.accessTestSuiteMainPhase(TestSuiteExecutor.java:148)
	at com.kms.katalon.core.main.TestSuiteExecutor.execute(TestSuiteExecutor.java:106)
	at com.kms.katalon.core.main.TestCaseMain.startTestSuite(TestCaseMain.java:187)
	at com.kms.katalon.core.main.TestCaseMain$startTestSuite$0.call(Unknown Source)
	at TempTestSuite1695289268443.run(TempTestSuite1695289268443.groovy:36)
Caused by: org.openqa.selenium.ElementClickInterceptedException: element click intercepted: Element is not clickable at point (136, 1323)
  (Session info: chrome=117.0.5938.89)
Build info: version: '3.141.59', revision: 'e82be7d358', time: '2018-11-14T08:25:53'
System info: host: 'FAKEDOOR', ip: '10.6.2.181', os.name: 'Windows 11', os.arch: 'amd64', os.version: '10.0', java.version: '1.8.0_362'
Driver info: com.kms.katalon.selenium.driver.CChromeDriver
Capabilities {acceptInsecureCerts: false, browserName: chrome, browserVersion: 117.0.5938.89, chrome: {chromedriverVersion: 117.0.5938.88 (be6afae47212..., userDataDir: C:\Users\faked\AppData\Loca...}, fedcm:accounts: true, goog:chromeOptions: {debuggerAddress: localhost:53597}, javascriptEnabled: true, networkConnectionEnabled: false, pageLoadStrategy: normal, platform: WINDOWS, platformName: WINDOWS, proxy: Proxy(), setWindowRect: true, strictFileInteractability: false, timeouts: {implicit: 0, pageLoad: 300000, script: 30000}, unhandledPromptBehavior: dismiss and notify, webauthn:extension:credBlob: true, webauthn:extension:largeBlob: true, webauthn:extension:minPinLength: true, webauthn:extension:prf: true, webauthn:virtualAuthenticators: true}
Session ID: 08cc0b08a830805c855d4cffb657d823
	at org.openqa.selenium.remote.http.W3CHttpResponseCodec.createException(W3CHttpResponseCodec.java:187)
	at org.openqa.selenium.remote.http.W3CHttpResponseCodec.decode(W3CHttpResponseCodec.java:122)
	at org.openqa.selenium.remote.http.W3CHttpResponseCodec.decode(W3CHttpResponseCodec.java:49)
	at org.openqa.selenium.remote.HttpCommandExecutor.execute(HttpCommandExecutor.java:158)
	at org.openqa.selenium.remote.service.DriverCommandExecutor.execute(DriverCommandExecutor.java:83)
	at org.openqa.selenium.remote.RemoteWebDriver.execute(RemoteWebDriver.java:552)
	at com.kms.katalon.selenium.driver.CChromeDriver.execute(CChromeDriver.java:19)
	at org.openqa.selenium.remote.RemoteWebElement.execute(RemoteWebElement.java:285)
	at org.openqa.selenium.remote.RemoteWebElement.click(RemoteWebElement.java:84)
	at org.openqa.selenium.support.events.EventFiringWebDriver$EventFiringWebElement.lambda$new$0(EventFiringWebDriver.java:404)
	at com.sun.proxy.$Proxy11.click(Unknown Source)
	at org.openqa.selenium.support.events.EventFiringWebDriver$EventFiringWebElement.click(EventFiringWebDriver.java:417)
	at org.openqa.selenium.WebElement$click.call(Unknown Source)
	at com.kms.katalon.core.webui.keyword.builtin.ClickKeyword.clickUntilSuccessWithTimeout(ClickKeyword.groovy:81)
	at com.kms.katalon.core.webui.keyword.builtin.ClickKeyword.clickUntilSuccessWithTimeout(ClickKeyword.groovy)
	at com.kms.katalon.core.webui.keyword.builtin.ClickKeyword$_click_closure1.doCall(ClickKeyword.groovy:67)
	at com.kms.katalon.core.webui.keyword.builtin.ClickKeyword$_click_closure1.call(ClickKeyword.groovy)
	at com.kms.katalon.core.webui.keyword.internal.WebUIKeywordMain.runKeyword(WebUIKeywordMain.groovy:20)
	at com.kms.katalon.core.webui.keyword.builtin.ClickKeyword.click(ClickKeyword.groovy:74)
	at com.kms.katalon.core.webui.keyword.builtin.ClickKeyword.execute(ClickKeyword.groovy:40)
	at com.kms.katalon.core.keyword.internal.KeywordExecutor.executeKeywordForPlatform(KeywordExecutor.groovy:74)
	at com.kms.katalon.core.webui.keyword.WebUiBuiltInKeywords.click(WebUiBuiltInKeywords.groovy:620)
	at com.kms.katalon.core.webui.keyword.WebUiBuiltInKeywords$click$2.call(Unknown Source)
	at Script1695203587387.run(Script1695203587387.groovy:42)
	... 13 more
)
	at com.kms.katalon.core.keyword.internal.KeywordMain.stepFailed(KeywordMain.groovy:39)
	at com.kms.katalon.core.webui.keyword.internal.WebUIKeywordMain.stepFailed(WebUIKeywordMain.groovy:64)
	at com.kms.katalon.core.webui.keyword.internal.WebUIKeywordMain.runKeyword(WebUIKeywordMain.groovy:26)
	at com.kms.katalon.core.webui.keyword.builtin.ClickKeyword.click(ClickKeyword.groovy:74)
	at com.kms.katalon.core.webui.keyword.builtin.ClickKeyword.execute(ClickKeyword.groovy:40)
	at com.kms.katalon.core.keyword.internal.KeywordExecutor.executeKeywordForPlatform(KeywordExecutor.groovy:74)
	at com.kms.katalon.core.webui.keyword.WebUiBuiltInKeywords.click(WebUiBuiltInKeywords.groovy:620)
	at com.kms.katalon.core.webui.keyword.WebUiBuiltInKeywords$click$2.call(Unknown Source)
	at Overview.run(Overview:42)
	at com.kms.katalon.core.main.ScriptEngine.run(ScriptEngine.java:194)
	at com.kms.katalon.core.main.ScriptEngine.runScriptAsRawText(ScriptEngine.java:119)
	at com.kms.katalon.core.main.TestCaseExecutor.runScript(TestCaseExecutor.java:448)
	at com.kms.katalon.core.main.TestCaseExecutor.doExecute(TestCaseExecutor.java:439)
	at com.kms.katalon.core.main.TestCaseExecutor.processExecutionPhase(TestCaseExecutor.java:418)
	at com.kms.katalon.core.main.TestCaseExecutor.accessMainPhase(TestCaseExecutor.java:410)
	at com.kms.katalon.core.main.TestCaseExecutor.execute(TestCaseExecutor.java:285)
	at com.kms.katalon.core.common.CommonExecutor.accessTestCaseMainPhase(CommonExecutor.java:65)
	at com.kms.katalon.core.main.TestSuiteExecutor.accessTestSuiteMainPhase(TestSuiteExecutor.java:148)
	at com.kms.katalon.core.main.TestSuiteExecutor.execute(TestSuiteExecutor.java:106)
	at com.kms.katalon.core.main.TestCaseMain.startTestSuite(TestCaseMain.java:187)
	at com.kms.katalon.core.main.TestCaseMain$startTestSuite$0.call(Unknown Source)
	at TempTestSuite1695289268443.run(TempTestSuite1695289268443.groovy:36)
Caused by: com.kms.katalon.core.exception.StepFailedException: Unable to click on object 'Object Repository/Overview/Page_FakeDoor/img_Back_MuiBox-root mui-style-1f4e7rj_1_2'
	... 21 more
Caused by: org.openqa.selenium.ElementClickInterceptedException: element click intercepted: Element is not clickable at point (136, 1323)
  (Session info: chrome=117.0.5938.89)
Build info: version: '3.141.59', revision: 'e82be7d358', time: '2018-11-14T08:25:53'
System info: host: 'FAKEDOOR', ip: '10.6.2.181', os.name: 'Windows 11', os.arch: 'amd64', os.version: '10.0', java.version: '1.8.0_362'
Driver info: com.kms.katalon.selenium.driver.CChromeDriver
Capabilities {acceptInsecureCerts: false, browserName: chrome, browserVersion: 117.0.5938.89, chrome: {chromedriverVersion: 117.0.5938.88 (be6afae47212..., userDataDir: C:\Users\faked\AppData\Loca...}, fedcm:accounts: true, goog:chromeOptions: {debuggerAddress: localhost:53597}, javascriptEnabled: true, networkConnectionEnabled: false, pageLoadStrategy: normal, platform: WINDOWS, platformName: WINDOWS, proxy: Proxy(), setWindowRect: true, strictFileInteractability: false, timeouts: {implicit: 0, pageLoad: 300000, script: 30000}, unhandledPromptBehavior: dismiss and notify, webauthn:extension:credBlob: true, webauthn:extension:largeBlob: true, webauthn:extension:minPinLength: true, webauthn:extension:prf: true, webauthn:virtualAuthenticators: true}
Session ID: 08cc0b08a830805c855d4cffb657d823
	at org.openqa.selenium.remote.http.W3CHttpResponseCodec.createException(W3CHttpResponseCodec.java:187)
	at org.openqa.selenium.remote.http.W3CHttpResponseCodec.decode(W3CHttpResponseCodec.java:122)
	at org.openqa.selenium.remote.http.W3CHttpResponseCodec.decode(W3CHttpResponseCodec.java:49)
	at org.openqa.selenium.remote.HttpCommandExecutor.execute(HttpCommandExecutor.java:158)
	at org.openqa.selenium.remote.service.DriverCommandExecutor.execute(DriverCommandExecutor.java:83)
	at org.openqa.selenium.remote.RemoteWebDriver.execute(RemoteWebDriver.java:552)
	at com.kms.katalon.selenium.driver.CChromeDriver.execute(CChromeDriver.java:19)
	at org.openqa.selenium.remote.RemoteWebElement.execute(RemoteWebElement.java:285)
	at org.openqa.selenium.remote.RemoteWebElement.click(RemoteWebElement.java:84)
	at org.openqa.selenium.support.events.EventFiringWebDriver$EventFiringWebElement.lambda$new$0(EventFiringWebDriver.java:404)
	at com.sun.proxy.$Proxy11.click(Unknown Source)
	at org.openqa.selenium.support.events.EventFiringWebDriver$EventFiringWebElement.click(EventFiringWebDriver.java:417)
	at org.openqa.selenium.WebElement$click.call(Unknown Source)
	at com.kms.katalon.core.webui.keyword.builtin.ClickKeyword.clickUntilSuccessWithTimeout(ClickKeyword.groovy:81)
	at com.kms.katalon.core.webui.keyword.builtin.ClickKeyword.clickUntilSuccessWithTimeout(ClickKeyword.groovy)
	at com.kms.katalon.core.webui.keyword.builtin.ClickKeyword$_click_closure1.doCall(ClickKeyword.groovy:67)
	at com.kms.katalon.core.webui.keyword.builtin.ClickKeyword$_click_closure1.call(ClickKeyword.groovy)
	at com.kms.katalon.core.webui.keyword.internal.WebUIKeywordMain.runKeyword(WebUIKeywordMain.groovy:20)
	... 19 more]]></system-out>
      <system-err><![CDATA[2023-09-21 10:41:11 - [TEST_SUITE][FAILED] - Buttons: Test Cases/Buttons/Overview FAILED.
Reason:
com.kms.katalon.core.exception.StepFailedException: Unable to click on object 'Object Repository/Overview/Page_FakeDoor/img_Back_MuiBox-root mui-style-1f4e7rj_1_2' (Root cause: com.kms.katalon.core.exception.StepFailedException: Unable to click on object 'Object Repository/Overview/Page_FakeDoor/img_Back_MuiBox-root mui-style-1f4e7rj_1_2'
	at com.kms.katalon.core.webui.keyword.internal.WebUIKeywordMain.stepFailed(WebUIKeywordMain.groovy:64)
	at com.kms.katalon.core.webui.keyword.internal.WebUIKeywordMain.runKeyword(WebUIKeywordMain.groovy:26)
	at com.kms.katalon.core.webui.keyword.builtin.ClickKeyword.click(ClickKeyword.groovy:74)
	at com.kms.katalon.core.webui.keyword.builtin.ClickKeyword.execute(ClickKeyword.groovy:40)
	at com.kms.katalon.core.keyword.internal.KeywordExecutor.executeKeywordForPlatform(KeywordExecutor.groovy:74)
	at com.kms.katalon.core.webui.keyword.WebUiBuiltInKeywords.click(WebUiBuiltInKeywords.groovy:620)
	at com.kms.katalon.core.webui.keyword.WebUiBuiltInKeywords$click$2.call(Unknown Source)
	at Overview.run(Overview:42)
	at com.kms.katalon.core.main.ScriptEngine.run(ScriptEngine.java:194)
	at com.kms.katalon.core.main.ScriptEngine.runScriptAsRawText(ScriptEngine.java:119)
	at com.kms.katalon.core.main.TestCaseExecutor.runScript(TestCaseExecutor.java:448)
	at com.kms.katalon.core.main.TestCaseExecutor.doExecute(TestCaseExecutor.java:439)
	at com.kms.katalon.core.main.TestCaseExecutor.processExecutionPhase(TestCaseExecutor.java:418)
	at com.kms.katalon.core.main.TestCaseExecutor.accessMainPhase(TestCaseExecutor.java:410)
	at com.kms.katalon.core.main.TestCaseExecutor.execute(TestCaseExecutor.java:285)
	at com.kms.katalon.core.common.CommonExecutor.accessTestCaseMainPhase(CommonExecutor.java:65)
	at com.kms.katalon.core.main.TestSuiteExecutor.accessTestSuiteMainPhase(TestSuiteExecutor.java:148)
	at com.kms.katalon.core.main.TestSuiteExecutor.execute(TestSuiteExecutor.java:106)
	at com.kms.katalon.core.main.TestCaseMain.startTestSuite(TestCaseMain.java:187)
	at com.kms.katalon.core.main.TestCaseMain$startTestSuite$0.call(Unknown Source)
	at TempTestSuite1695289268443.run(TempTestSuite1695289268443.groovy:36)
Caused by: org.openqa.selenium.ElementClickInterceptedException: element click intercepted: Element is not clickable at point (136, 1323)
  (Session info: chrome=117.0.5938.89)
Build info: version: '3.141.59', revision: 'e82be7d358', time: '2018-11-14T08:25:53'
System info: host: 'FAKEDOOR', ip: '10.6.2.181', os.name: 'Windows 11', os.arch: 'amd64', os.version: '10.0', java.version: '1.8.0_362'
Driver info: com.kms.katalon.selenium.driver.CChromeDriver
Capabilities {acceptInsecureCerts: false, browserName: chrome, browserVersion: 117.0.5938.89, chrome: {chromedriverVersion: 117.0.5938.88 (be6afae47212..., userDataDir: C:\Users\faked\AppData\Loca...}, fedcm:accounts: true, goog:chromeOptions: {debuggerAddress: localhost:53597}, javascriptEnabled: true, networkConnectionEnabled: false, pageLoadStrategy: normal, platform: WINDOWS, platformName: WINDOWS, proxy: Proxy(), setWindowRect: true, strictFileInteractability: false, timeouts: {implicit: 0, pageLoad: 300000, script: 30000}, unhandledPromptBehavior: dismiss and notify, webauthn:extension:credBlob: true, webauthn:extension:largeBlob: true, webauthn:extension:minPinLength: true, webauthn:extension:prf: true, webauthn:virtualAuthenticators: true}
Session ID: 08cc0b08a830805c855d4cffb657d823
	at org.openqa.selenium.remote.http.W3CHttpResponseCodec.createException(W3CHttpResponseCodec.java:187)
	at org.openqa.selenium.remote.http.W3CHttpResponseCodec.decode(W3CHttpResponseCodec.java:122)
	at org.openqa.selenium.remote.http.W3CHttpResponseCodec.decode(W3CHttpResponseCodec.java:49)
	at org.openqa.selenium.remote.HttpCommandExecutor.execute(HttpCommandExecutor.java:158)
	at org.openqa.selenium.remote.service.DriverCommandExecutor.execute(DriverCommandExecutor.java:83)
	at org.openqa.selenium.remote.RemoteWebDriver.execute(RemoteWebDriver.java:552)
	at com.kms.katalon.selenium.driver.CChromeDriver.execute(CChromeDriver.java:19)
	at org.openqa.selenium.remote.RemoteWebElement.execute(RemoteWebElement.java:285)
	at org.openqa.selenium.remote.RemoteWebElement.click(RemoteWebElement.java:84)
	at org.openqa.selenium.support.events.EventFiringWebDriver$EventFiringWebElement.lambda$new$0(EventFiringWebDriver.java:404)
	at com.sun.proxy.$Proxy11.click(Unknown Source)
	at org.openqa.selenium.support.events.EventFiringWebDriver$EventFiringWebElement.click(EventFiringWebDriver.java:417)
	at org.openqa.selenium.WebElement$click.call(Unknown Source)
	at com.kms.katalon.core.webui.keyword.builtin.ClickKeyword.clickUntilSuccessWithTimeout(ClickKeyword.groovy:81)
	at com.kms.katalon.core.webui.keyword.builtin.ClickKeyword.clickUntilSuccessWithTimeout(ClickKeyword.groovy)
	at com.kms.katalon.core.webui.keyword.builtin.ClickKeyword$_click_closure1.doCall(ClickKeyword.groovy:67)
	at com.kms.katalon.core.webui.keyword.builtin.ClickKeyword$_click_closure1.call(ClickKeyword.groovy)
	at com.kms.katalon.core.webui.keyword.internal.WebUIKeywordMain.runKeyword(WebUIKeywordMain.groovy:20)
	at com.kms.katalon.core.webui.keyword.builtin.ClickKeyword.click(ClickKeyword.groovy:74)
	at com.kms.katalon.core.webui.keyword.builtin.ClickKeyword.execute(ClickKeyword.groovy:40)
	at com.kms.katalon.core.keyword.internal.KeywordExecutor.executeKeywordForPlatform(KeywordExecutor.groovy:74)
	at com.kms.katalon.core.webui.keyword.WebUiBuiltInKeywords.click(WebUiBuiltInKeywords.groovy:620)
	at com.kms.katalon.core.webui.keyword.WebUiBuiltInKeywords$click$2.call(Unknown Source)
	at Script1695203587387.run(Script1695203587387.groovy:42)
	... 13 more
)
	at com.kms.katalon.core.keyword.internal.KeywordMain.stepFailed(KeywordMain.groovy:39)
	at com.kms.katalon.core.webui.keyword.internal.WebUIKeywordMain.stepFailed(WebUIKeywordMain.groovy:64)
	at com.kms.katalon.core.webui.keyword.internal.WebUIKeywordMain.runKeyword(WebUIKeywordMain.groovy:26)
	at com.kms.katalon.core.webui.keyword.builtin.ClickKeyword.click(ClickKeyword.groovy:74)
	at com.kms.katalon.core.webui.keyword.builtin.ClickKeyword.execute(ClickKeyword.groovy:40)
	at com.kms.katalon.core.keyword.internal.KeywordExecutor.executeKeywordForPlatform(KeywordExecutor.groovy:74)
	at com.kms.katalon.core.webui.keyword.WebUiBuiltInKeywords.click(WebUiBuiltInKeywords.groovy:620)
	at com.kms.katalon.core.webui.keyword.WebUiBuiltInKeywords$click$2.call(Unknown Source)
	at Overview.run(Overview:42)
	at com.kms.katalon.core.main.ScriptEngine.run(ScriptEngine.java:194)
	at com.kms.katalon.core.main.ScriptEngine.runScriptAsRawText(ScriptEngine.java:119)
	at com.kms.katalon.core.main.TestCaseExecutor.runScript(TestCaseExecutor.java:448)
	at com.kms.katalon.core.main.TestCaseExecutor.doExecute(TestCaseExecutor.java:439)
	at com.kms.katalon.core.main.TestCaseExecutor.processExecutionPhase(TestCaseExecutor.java:418)
	at com.kms.katalon.core.main.TestCaseExecutor.accessMainPhase(TestCaseExecutor.java:410)
	at com.kms.katalon.core.main.TestCaseExecutor.execute(TestCaseExecutor.java:285)
	at com.kms.katalon.core.common.CommonExecutor.accessTestCaseMainPhase(CommonExecutor.java:65)
	at com.kms.katalon.core.main.TestSuiteExecutor.accessTestSuiteMainPhase(TestSuiteExecutor.java:148)
	at com.kms.katalon.core.main.TestSuiteExecutor.execute(TestSuiteExecutor.java:106)
	at com.kms.katalon.core.main.TestCaseMain.startTestSuite(TestCaseMain.java:187)
	at com.kms.katalon.core.main.TestCaseMain$startTestSuite$0.call(Unknown Source)
	at TempTestSuite1695289268443.run(TempTestSuite1695289268443.groovy:36)
Caused by: com.kms.katalon.core.exception.StepFailedException: Unable to click on object 'Object Repository/Overview/Page_FakeDoor/img_Back_MuiBox-root mui-style-1f4e7rj_1_2'
	... 21 more
Caused by: org.openqa.selenium.ElementClickInterceptedException: element click intercepted: Element is not clickable at point (136, 1323)
  (Session info: chrome=117.0.5938.89)
Build info: version: '3.141.59', revision: 'e82be7d358', time: '2018-11-14T08:25:53'
System info: host: 'FAKEDOOR', ip: '10.6.2.181', os.name: 'Windows 11', os.arch: 'amd64', os.version: '10.0', java.version: '1.8.0_362'
Driver info: com.kms.katalon.selenium.driver.CChromeDriver
Capabilities {acceptInsecureCerts: false, browserName: chrome, browserVersion: 117.0.5938.89, chrome: {chromedriverVersion: 117.0.5938.88 (be6afae47212..., userDataDir: C:\Users\faked\AppData\Loca...}, fedcm:accounts: true, goog:chromeOptions: {debuggerAddress: localhost:53597}, javascriptEnabled: true, networkConnectionEnabled: false, pageLoadStrategy: normal, platform: WINDOWS, platformName: WINDOWS, proxy: Proxy(), setWindowRect: true, strictFileInteractability: false, timeouts: {implicit: 0, pageLoad: 300000, script: 30000}, unhandledPromptBehavior: dismiss and notify, webauthn:extension:credBlob: true, webauthn:extension:largeBlob: true, webauthn:extension:minPinLength: true, webauthn:extension:prf: true, webauthn:virtualAuthenticators: true}
Session ID: 08cc0b08a830805c855d4cffb657d823
	at org.openqa.selenium.remote.http.W3CHttpResponseCodec.createException(W3CHttpResponseCodec.java:187)
	at org.openqa.selenium.remote.http.W3CHttpResponseCodec.decode(W3CHttpResponseCodec.java:122)
	at org.openqa.selenium.remote.http.W3CHttpResponseCodec.decode(W3CHttpResponseCodec.java:49)
	at org.openqa.selenium.remote.HttpCommandExecutor.execute(HttpCommandExecutor.java:158)
	at org.openqa.selenium.remote.service.DriverCommandExecutor.execute(DriverCommandExecutor.java:83)
	at org.openqa.selenium.remote.RemoteWebDriver.execute(RemoteWebDriver.java:552)
	at com.kms.katalon.selenium.driver.CChromeDriver.execute(CChromeDriver.java:19)
	at org.openqa.selenium.remote.RemoteWebElement.execute(RemoteWebElement.java:285)
	at org.openqa.selenium.remote.RemoteWebElement.click(RemoteWebElement.java:84)
	at org.openqa.selenium.support.events.EventFiringWebDriver$EventFiringWebElement.lambda$new$0(EventFiringWebDriver.java:404)
	at com.sun.proxy.$Proxy11.click(Unknown Source)
	at org.openqa.selenium.support.events.EventFiringWebDriver$EventFiringWebElement.click(EventFiringWebDriver.java:417)
	at org.openqa.selenium.WebElement$click.call(Unknown Source)
	at com.kms.katalon.core.webui.keyword.builtin.ClickKeyword.clickUntilSuccessWithTimeout(ClickKeyword.groovy:81)
	at com.kms.katalon.core.webui.keyword.builtin.ClickKeyword.clickUntilSuccessWithTimeout(ClickKeyword.groovy)
	at com.kms.katalon.core.webui.keyword.builtin.ClickKeyword$_click_closure1.doCall(ClickKeyword.groovy:67)
	at com.kms.katalon.core.webui.keyword.builtin.ClickKeyword$_click_closure1.call(ClickKeyword.groovy)
	at com.kms.katalon.core.webui.keyword.internal.WebUIKeywordMain.runKeyword(WebUIKeywordMain.groovy:20)
	... 19 more]]></system-err>
   </testsuite>
</testsuites>
