<?xml version="1.0" encoding="UTF-8"?>
<testsuites name="Buttons" time="415.57" tests="5" failures="0" errors="0">
   <testsuite name="Buttons" tests="5" failures="0" errors="0" time="415.57" skipped="0" timestamp="2023-09-21 09:47:17" hostname="faked - Fakedoor" id="Test Suites/Buttons">
      <properties>
         <property name="deviceName" value=""/>
         <property name="devicePlatform" value=""/>
         <property name="logFolder" value="D:\\Katalon Studio\\UI-tests\\Reports\\20230921_094716\\Buttons\\20230921_094716"/>
         <property name="logFiles" value="D:\\Katalon Studio\\UI-tests\\Reports\\20230921_094716\\Buttons\\20230921_094716\\execution0.log"/>
         <property name="attachments" value="D:\\Katalon Studio\\UI-tests\\Reports\\20230921_094716\\Buttons\\20230921_094716\\1695286285428.png, D:\\Katalon Studio\\UI-tests\\Reports\\20230921_094716\\Buttons\\20230921_094716\\1695286320566.png"/>
         <property name="hostName" value="faked - Fakedoor"/>
         <property name="os" value="Windows 11 64bit"/>
         <property name="katalonVersion" value="8.6.8.208"/>
         <property name="browser" value="Chrome 117.0.0.0"/>
         <property name="hostAddress" value="10.6.2.181"/>
         <property name="sessionId" value="31a18d4b2490a702ab73442b0a2d0608"/>
         <property name="seleniumVersion" value="3.141.59"/>
         <property name="proxyInformation" value="ProxyInformation { proxyOption=NO_PROXY, proxyServerType=HTTP, username=, password=********, proxyServerAddress=, proxyServerPort=0, executionList=&quot;&quot;, isApplyToDesiredCapabilities=true }"/>
         <property name="platform" value="Windows 11"/>
      </properties>
      <testcase name="Test Cases/Buttons/Overview" time="133.335" classname="Test Cases/Buttons/Overview" status="PASSED">
         <system-out><![CDATA[2023-09-21 09:47:18 - [TEST_CASE][PASSED] - Test Cases/Buttons/Overview: Test Cases/Buttons/Overview

2023-09-21 09:47:18 - [TEST_STEP][PASSED] - openBrowser(""): Browser is opened with url: ''

2023-09-21 09:47:18 - [MESSAGE][INFO] - Starting 'Chrome' driver

2023-09-21 09:47:18 - [MESSAGE][INFO] - Action delay is set to 1,000 milliseconds

2023-09-21 09:47:20 - [MESSAGE][PASSED] - Browser is opened with url: ''

2023-09-21 09:47:20 - [TEST_STEP][PASSED] - navigateToUrl("https://delightful-stone-07bb55f0f.3.azurestaticapps.net/"): Navigate to 'https://delightful-stone-07bb55f0f.3.azurestaticapps.net/' successfully

2023-09-21 09:47:30 - [MESSAGE][PASSED] - Navigate to 'https://delightful-stone-07bb55f0f.3.azurestaticapps.net/' successfully

2023-09-21 09:47:30 - [TEST_STEP][PASSED] - maximizeWindow(): Current window maximized

2023-09-21 09:47:30 - [MESSAGE][PASSED] - Current window maximized

2023-09-21 09:47:30 - [TEST_STEP][PASSED] - click(findTestObject("Object Repository/Overview/Page_FakeDoor/button_Sign In")): Object: 'Object Repository/Overview/Page_FakeDoor/button_Sign In' is clicked on

2023-09-21 09:47:31 - [MESSAGE][PASSED] - Object: 'Object Repository/Overview/Page_FakeDoor/button_Sign In' is clicked on

2023-09-21 09:47:31 - [TEST_STEP][PASSED] - setText(findTestObject("Object Repository/Overview/Page_FakeDoor/input_User Name_username"), "admin2"): Text 'admin2' is set on object 'Object Repository/Overview/Page_FakeDoor/input_User Name_username'

2023-09-21 09:47:37 - [MESSAGE][PASSED] - Text 'admin2' is set on object 'Object Repository/Overview/Page_FakeDoor/input_User Name_username'

2023-09-21 09:47:37 - [TEST_STEP][PASSED] - setEncryptedText(findTestObject("Object Repository/Overview/Page_FakeDoor/input_Password_password"), "Lm1Albv1LteQ2KmNJoEiNQ=="): Text ****** has been set on object 'Object Repository/Overview/Page_FakeDoor/input_Password_password'

2023-09-21 09:47:40 - [MESSAGE][PASSED] - Text ****** has been set on object 'Object Repository/Overview/Page_FakeDoor/input_Password_password'

2023-09-21 09:47:40 - [TEST_STEP][PASSED] - click(findTestObject("Object Repository/Overview/Page_FakeDoor/button_Login")): Object: 'Object Repository/Overview/Page_FakeDoor/button_Login' is clicked on

2023-09-21 09:47:41 - [MESSAGE][PASSED] - Object: 'Object Repository/Overview/Page_FakeDoor/button_Login' is clicked on

2023-09-21 09:47:41 - [TEST_STEP][PASSED] - click(findTestObject("Object Repository/Overview/Page_FakeDoor/span_Overview")): Object: 'Object Repository/Overview/Page_FakeDoor/span_Overview' is clicked on

2023-09-21 09:47:46 - [MESSAGE][PASSED] - Object: 'Object Repository/Overview/Page_FakeDoor/span_Overview' is clicked on

2023-09-21 09:47:46 - [TEST_STEP][PASSED] - click(findTestObject("Object Repository/Overview/Page_FakeDoor/p_Start Lesson")): Object: 'Object Repository/Overview/Page_FakeDoor/p_Start Lesson' is clicked on

2023-09-21 09:47:51 - [MESSAGE][PASSED] - Object: 'Object Repository/Overview/Page_FakeDoor/p_Start Lesson' is clicked on

2023-09-21 09:47:51 - [TEST_STEP][PASSED] - click(findTestObject("Object Repository/Overview/Page_FakeDoor/img_Back_MuiBox-root mui-style-1f4e7rj")): Object: 'Object Repository/Overview/Page_FakeDoor/img_Back_MuiBox-root mui-style-1f4e7rj' is clicked on

2023-09-21 09:47:53 - [MESSAGE][PASSED] - Object: 'Object Repository/Overview/Page_FakeDoor/img_Back_MuiBox-root mui-style-1f4e7rj' is clicked on

2023-09-21 09:47:53 - [TEST_STEP][PASSED] - click(findTestObject("Object Repository/Overview/Page_FakeDoor/img_Back_MuiBox-root mui-style-1f4e7rj_1")): Object: 'Object Repository/Overview/Page_FakeDoor/img_Back_MuiBox-root mui-style-1f4e7rj_1' is clicked on

2023-09-21 09:47:58 - [MESSAGE][PASSED] - Object: 'Object Repository/Overview/Page_FakeDoor/img_Back_MuiBox-root mui-style-1f4e7rj_1' is clicked on

2023-09-21 09:47:58 - [TEST_STEP][PASSED] - click(findTestObject("Object Repository/Overview/Page_FakeDoor/img_Back_MuiBox-root mui-style-1f4e7rj_1_2")): Object: 'Object Repository/Overview/Page_FakeDoor/img_Back_MuiBox-root mui-style-1f4e7rj_1_2' is clicked on

2023-09-21 09:48:03 - [MESSAGE][PASSED] - Object: 'Object Repository/Overview/Page_FakeDoor/img_Back_MuiBox-root mui-style-1f4e7rj_1_2' is clicked on

2023-09-21 09:48:03 - [TEST_STEP][PASSED] - click(findTestObject("Object Repository/Overview/Page_FakeDoor/img_Back_MuiBox-root mui-style-1f4e7rj_1_2_3")): Object: 'Object Repository/Overview/Page_FakeDoor/img_Back_MuiBox-root mui-style-1f4e7rj_1_2_3' is clicked on

2023-09-21 09:48:08 - [MESSAGE][PASSED] - Object: 'Object Repository/Overview/Page_FakeDoor/img_Back_MuiBox-root mui-style-1f4e7rj_1_2_3' is clicked on

2023-09-21 09:48:08 - [TEST_STEP][PASSED] - click(findTestObject("Object Repository/Overview/Page_FakeDoor/img_Back_MuiBox-root mui-style-1f4e7rj_1_2_3_4")): Object: 'Object Repository/Overview/Page_FakeDoor/img_Back_MuiBox-root mui-style-1f4e7rj_1_2_3_4' is clicked on

2023-09-21 09:48:13 - [MESSAGE][PASSED] - Object: 'Object Repository/Overview/Page_FakeDoor/img_Back_MuiBox-root mui-style-1f4e7rj_1_2_3_4' is clicked on

2023-09-21 09:48:13 - [TEST_STEP][PASSED] - click(findTestObject("Object Repository/Overview/Page_FakeDoor/img_Back_MuiBox-root mui-style-1f4e7rj_1_2_3_4_5")): Object: 'Object Repository/Overview/Page_FakeDoor/img_Back_MuiBox-root mui-style-1f4e7rj_1_2_3_4_5' is clicked on

2023-09-21 09:48:19 - [MESSAGE][PASSED] - Object: 'Object Repository/Overview/Page_FakeDoor/img_Back_MuiBox-root mui-style-1f4e7rj_1_2_3_4_5' is clicked on

2023-09-21 09:48:19 - [TEST_STEP][PASSED] - click(findTestObject("Object Repository/Overview/Page_FakeDoor/img_Back_MuiBox-root mui-style-1f4e7rj_1_2_3_4_5_6")): Object: 'Object Repository/Overview/Page_FakeDoor/img_Back_MuiBox-root mui-style-1f4e7rj_1_2_3_4_5_6' is clicked on

2023-09-21 09:48:24 - [MESSAGE][PASSED] - Object: 'Object Repository/Overview/Page_FakeDoor/img_Back_MuiBox-root mui-style-1f4e7rj_1_2_3_4_5_6' is clicked on

2023-09-21 09:48:24 - [TEST_STEP][PASSED] - click(findTestObject("Object Repository/Overview/Page_FakeDoor/img_Back_MuiBox-root mui-style-1f4e7rj_1_2_3_4_5_6_7")): Object: 'Object Repository/Overview/Page_FakeDoor/img_Back_MuiBox-root mui-style-1f4e7rj_1_2_3_4_5_6_7' is clicked on

2023-09-21 09:48:29 - [MESSAGE][PASSED] - Object: 'Object Repository/Overview/Page_FakeDoor/img_Back_MuiBox-root mui-style-1f4e7rj_1_2_3_4_5_6_7' is clicked on

2023-09-21 09:48:29 - [TEST_STEP][PASSED] - click(findTestObject("Object Repository/Overview/Page_FakeDoor/img_Back_MuiBox-root mui-style-1f4e7rj_1_2_3_4_5_6_7_8")): Object: 'Object Repository/Overview/Page_FakeDoor/img_Back_MuiBox-root mui-style-1f4e7rj_1_2_3_4_5_6_7_8' is clicked on

2023-09-21 09:48:34 - [MESSAGE][PASSED] - Object: 'Object Repository/Overview/Page_FakeDoor/img_Back_MuiBox-root mui-style-1f4e7rj_1_2_3_4_5_6_7_8' is clicked on

2023-09-21 09:48:34 - [TEST_STEP][PASSED] - click(findTestObject("Object Repository/Overview/Page_FakeDoor/button_Back")): Object: 'Object Repository/Overview/Page_FakeDoor/button_Back' is clicked on

2023-09-21 09:48:35 - [MESSAGE][PASSED] - Object: 'Object Repository/Overview/Page_FakeDoor/button_Back' is clicked on

2023-09-21 09:48:35 - [TEST_STEP][PASSED] - click(findTestObject("Object Repository/Overview/Page_FakeDoor/button_Back")): Object: 'Object Repository/Overview/Page_FakeDoor/button_Back' is clicked on

2023-09-21 09:48:37 - [MESSAGE][PASSED] - Object: 'Object Repository/Overview/Page_FakeDoor/button_Back' is clicked on

2023-09-21 09:48:37 - [TEST_STEP][PASSED] - click(findTestObject("Object Repository/Overview/Page_FakeDoor/button_Back")): Object: 'Object Repository/Overview/Page_FakeDoor/button_Back' is clicked on

2023-09-21 09:48:39 - [MESSAGE][PASSED] - Object: 'Object Repository/Overview/Page_FakeDoor/button_Back' is clicked on

2023-09-21 09:48:39 - [TEST_STEP][PASSED] - click(findTestObject("Object Repository/Overview/Page_FakeDoor/button_Back")): Object: 'Object Repository/Overview/Page_FakeDoor/button_Back' is clicked on

2023-09-21 09:48:41 - [MESSAGE][PASSED] - Object: 'Object Repository/Overview/Page_FakeDoor/button_Back' is clicked on

2023-09-21 09:48:41 - [TEST_STEP][PASSED] - click(findTestObject("Object Repository/Overview/Page_FakeDoor/button_Back")): Object: 'Object Repository/Overview/Page_FakeDoor/button_Back' is clicked on

2023-09-21 09:49:03 - [MESSAGE][PASSED] - Object: 'Object Repository/Overview/Page_FakeDoor/button_Back' is clicked on

2023-09-21 09:49:03 - [TEST_STEP][PASSED] - click(findTestObject("Object Repository/Overview/Page_FakeDoor/button_Back")): Object: 'Object Repository/Overview/Page_FakeDoor/button_Back' is clicked on

2023-09-21 09:49:05 - [MESSAGE][PASSED] - Object: 'Object Repository/Overview/Page_FakeDoor/button_Back' is clicked on

2023-09-21 09:49:05 - [TEST_STEP][PASSED] - click(findTestObject("Object Repository/Overview/Page_FakeDoor/button_Back")): Object: 'Object Repository/Overview/Page_FakeDoor/button_Back' is clicked on

2023-09-21 09:49:07 - [MESSAGE][PASSED] - Object: 'Object Repository/Overview/Page_FakeDoor/button_Back' is clicked on

2023-09-21 09:49:07 - [TEST_STEP][PASSED] - click(findTestObject("Object Repository/Overview/Page_FakeDoor/button_Back")): Object: 'Object Repository/Overview/Page_FakeDoor/button_Back' is clicked on

2023-09-21 09:49:09 - [MESSAGE][PASSED] - Object: 'Object Repository/Overview/Page_FakeDoor/button_Back' is clicked on

2023-09-21 09:49:09 - [TEST_STEP][PASSED] - click(findTestObject("Object Repository/Overview/Page_FakeDoor/button_Back")): Object: 'Object Repository/Overview/Page_FakeDoor/button_Back' is clicked on

2023-09-21 09:49:11 - [MESSAGE][PASSED] - Object: 'Object Repository/Overview/Page_FakeDoor/button_Back' is clicked on

2023-09-21 09:49:11 - [TEST_STEP][PASSED] - click(findTestObject("Object Repository/Overview/Page_FakeDoor/button_Back")): Object: 'Object Repository/Overview/Page_FakeDoor/button_Back' is clicked on

2023-09-21 09:49:13 - [MESSAGE][PASSED] - Object: 'Object Repository/Overview/Page_FakeDoor/button_Back' is clicked on

2023-09-21 09:49:13 - [TEST_STEP][PASSED] - click(findTestObject("Object Repository/Overview/Page_FakeDoor/p_Reminder")): Object: 'Object Repository/Overview/Page_FakeDoor/p_Reminder' is clicked on

2023-09-21 09:49:18 - [MESSAGE][PASSED] - Object: 'Object Repository/Overview/Page_FakeDoor/p_Reminder' is clicked on

2023-09-21 09:49:18 - [TEST_STEP][PASSED] - click(findTestObject("Object Repository/Overview/Page_FakeDoor/span_Overview")): Object: 'Object Repository/Overview/Page_FakeDoor/span_Overview' is clicked on

2023-09-21 09:49:20 - [MESSAGE][PASSED] - Object: 'Object Repository/Overview/Page_FakeDoor/span_Overview' is clicked on

2023-09-21 09:49:20 - [TEST_STEP][PASSED] - click(findTestObject("Object Repository/Overview/Page_FakeDoor/p_Reminder")): Object: 'Object Repository/Overview/Page_FakeDoor/p_Reminder' is clicked on

2023-09-21 09:49:25 - [MESSAGE][PASSED] - Object: 'Object Repository/Overview/Page_FakeDoor/p_Reminder' is clicked on

2023-09-21 09:49:25 - [TEST_STEP][PASSED] - click(findTestObject("Object Repository/Overview/Page_FakeDoor/span_Overview")): Object: 'Object Repository/Overview/Page_FakeDoor/span_Overview' is clicked on

2023-09-21 09:49:27 - [MESSAGE][PASSED] - Object: 'Object Repository/Overview/Page_FakeDoor/span_Overview' is clicked on

2023-09-21 09:49:27 - [TEST_STEP][PASSED] - click(findTestObject("Object Repository/Overview/Page_FakeDoor/button_Overview_MuiButtonBase-root MuiIconB_eec332")): Object: 'Object Repository/Overview/Page_FakeDoor/button_Overview_MuiButtonBase-root MuiIconB_eec332' is clicked on

2023-09-21 09:49:29 - [MESSAGE][PASSED] - Object: 'Object Repository/Overview/Page_FakeDoor/button_Overview_MuiButtonBase-root MuiIconB_eec332' is clicked on

2023-09-21 09:49:29 - [TEST_STEP][PASSED] - click(findTestObject("Object Repository/Overview/Page_FakeDoor/span_Logout")): Object: 'Object Repository/Overview/Page_FakeDoor/span_Logout' is clicked on

2023-09-21 09:49:30 - [MESSAGE][PASSED] - Object: 'Object Repository/Overview/Page_FakeDoor/span_Logout' is clicked on

2023-09-21 09:49:30 - [TEST_STEP][PASSED] - closeBrowser(): Browser is closed

2023-09-21 09:49:31 - [MESSAGE][PASSED] - Browser is closed]]></system-out>
         <system-err><![CDATA[]]></system-err>
      </testcase>
      <testcase name="Test Cases/Buttons/Profile" time="48.786" classname="Test Cases/Buttons/Profile" status="PASSED">
         <system-out><![CDATA[2023-09-21 09:49:31 - [TEST_CASE][PASSED] - Test Cases/Buttons/Profile: Test Cases/Buttons/Profile

2023-09-21 09:49:31 - [TEST_STEP][PASSED] - openBrowser(""): Browser is opened with url: ''

2023-09-21 09:49:31 - [MESSAGE][INFO] - Starting 'Chrome' driver

2023-09-21 09:49:31 - [MESSAGE][INFO] - Action delay is set to 1,000 milliseconds

2023-09-21 09:49:32 - [MESSAGE][PASSED] - Browser is opened with url: ''

2023-09-21 09:49:32 - [TEST_STEP][PASSED] - navigateToUrl("https://delightful-stone-07bb55f0f.3.azurestaticapps.net/"): Navigate to 'https://delightful-stone-07bb55f0f.3.azurestaticapps.net/' successfully

2023-09-21 09:49:35 - [MESSAGE][PASSED] - Navigate to 'https://delightful-stone-07bb55f0f.3.azurestaticapps.net/' successfully

2023-09-21 09:49:35 - [TEST_STEP][PASSED] - maximizeWindow(): Current window maximized

2023-09-21 09:49:35 - [MESSAGE][PASSED] - Current window maximized

2023-09-21 09:49:35 - [TEST_STEP][PASSED] - click(findTestObject("Object Repository/Profile/Page_FakeDoor/button_Sign In")): Object: 'Object Repository/Profile/Page_FakeDoor/button_Sign In' is clicked on

2023-09-21 09:49:36 - [MESSAGE][PASSED] - Object: 'Object Repository/Profile/Page_FakeDoor/button_Sign In' is clicked on

2023-09-21 09:49:36 - [TEST_STEP][PASSED] - setText(findTestObject("Object Repository/Profile/Page_FakeDoor/input_User Name_username"), "admin2"): Text 'admin2' is set on object 'Object Repository/Profile/Page_FakeDoor/input_User Name_username'

2023-09-21 09:49:40 - [MESSAGE][PASSED] - Text 'admin2' is set on object 'Object Repository/Profile/Page_FakeDoor/input_User Name_username'

2023-09-21 09:49:40 - [TEST_STEP][PASSED] - setEncryptedText(findTestObject("Object Repository/Profile/Page_FakeDoor/input_Password_password"), "Lm1Albv1LteQ2KmNJoEiNQ=="): Text ****** has been set on object 'Object Repository/Profile/Page_FakeDoor/input_Password_password'

2023-09-21 09:49:43 - [MESSAGE][PASSED] - Text ****** has been set on object 'Object Repository/Profile/Page_FakeDoor/input_Password_password'

2023-09-21 09:49:43 - [TEST_STEP][PASSED] - click(findTestObject("Object Repository/Profile/Page_FakeDoor/button_Login")): Object: 'Object Repository/Profile/Page_FakeDoor/button_Login' is clicked on

2023-09-21 09:49:44 - [MESSAGE][PASSED] - Object: 'Object Repository/Profile/Page_FakeDoor/button_Login' is clicked on

2023-09-21 09:49:44 - [TEST_STEP][PASSED] - click(findTestObject("Object Repository/Profile/Page_FakeDoor/button_Day")): Object: 'Object Repository/Profile/Page_FakeDoor/button_Day' is clicked on

2023-09-21 09:49:48 - [MESSAGE][PASSED] - Object: 'Object Repository/Profile/Page_FakeDoor/button_Day' is clicked on

2023-09-21 09:49:48 - [TEST_STEP][PASSED] - click(findTestObject("Object Repository/Profile/Page_FakeDoor/button_Week")): Object: 'Object Repository/Profile/Page_FakeDoor/button_Week' is clicked on

2023-09-21 09:49:50 - [MESSAGE][PASSED] - Object: 'Object Repository/Profile/Page_FakeDoor/button_Week' is clicked on

2023-09-21 09:49:50 - [TEST_STEP][PASSED] - click(findTestObject("Object Repository/Profile/Page_FakeDoor/p_SUN")): Object: 'Object Repository/Profile/Page_FakeDoor/p_SUN' is clicked on

2023-09-21 09:49:51 - [MESSAGE][PASSED] - Object: 'Object Repository/Profile/Page_FakeDoor/p_SUN' is clicked on

2023-09-21 09:49:51 - [TEST_STEP][PASSED] - click(findTestObject("Object Repository/Profile/Page_FakeDoor/button_Week")): Object: 'Object Repository/Profile/Page_FakeDoor/button_Week' is clicked on

2023-09-21 09:49:53 - [MESSAGE][PASSED] - Object: 'Object Repository/Profile/Page_FakeDoor/button_Week' is clicked on

2023-09-21 09:49:53 - [TEST_STEP][PASSED] - click(findTestObject("Object Repository/Profile/Page_FakeDoor/p_MON")): Object: 'Object Repository/Profile/Page_FakeDoor/p_MON' is clicked on

2023-09-21 09:49:55 - [MESSAGE][PASSED] - Object: 'Object Repository/Profile/Page_FakeDoor/p_MON' is clicked on

2023-09-21 09:49:55 - [TEST_STEP][PASSED] - click(findTestObject("Object Repository/Profile/Page_FakeDoor/button_Week")): Object: 'Object Repository/Profile/Page_FakeDoor/button_Week' is clicked on

2023-09-21 09:49:56 - [MESSAGE][PASSED] - Object: 'Object Repository/Profile/Page_FakeDoor/button_Week' is clicked on

2023-09-21 09:49:56 - [TEST_STEP][PASSED] - click(findTestObject("Object Repository/Profile/Page_FakeDoor/p_TUE")): Object: 'Object Repository/Profile/Page_FakeDoor/p_TUE' is clicked on

2023-09-21 09:49:58 - [MESSAGE][PASSED] - Object: 'Object Repository/Profile/Page_FakeDoor/p_TUE' is clicked on

2023-09-21 09:49:58 - [TEST_STEP][PASSED] - click(findTestObject("Object Repository/Profile/Page_FakeDoor/button_Week")): Object: 'Object Repository/Profile/Page_FakeDoor/button_Week' is clicked on

2023-09-21 09:49:59 - [MESSAGE][PASSED] - Object: 'Object Repository/Profile/Page_FakeDoor/button_Week' is clicked on

2023-09-21 09:49:59 - [TEST_STEP][PASSED] - click(findTestObject("Object Repository/Profile/Page_FakeDoor/p_WED")): Object: 'Object Repository/Profile/Page_FakeDoor/p_WED' is clicked on

2023-09-21 09:50:01 - [MESSAGE][PASSED] - Object: 'Object Repository/Profile/Page_FakeDoor/p_WED' is clicked on

2023-09-21 09:50:01 - [TEST_STEP][PASSED] - click(findTestObject("Object Repository/Profile/Page_FakeDoor/button_Week")): Object: 'Object Repository/Profile/Page_FakeDoor/button_Week' is clicked on

2023-09-21 09:50:02 - [MESSAGE][PASSED] - Object: 'Object Repository/Profile/Page_FakeDoor/button_Week' is clicked on

2023-09-21 09:50:02 - [TEST_STEP][PASSED] - click(findTestObject("Object Repository/Profile/Page_FakeDoor/p_THU")): Object: 'Object Repository/Profile/Page_FakeDoor/p_THU' is clicked on

2023-09-21 09:50:04 - [MESSAGE][PASSED] - Object: 'Object Repository/Profile/Page_FakeDoor/p_THU' is clicked on

2023-09-21 09:50:04 - [TEST_STEP][PASSED] - click(findTestObject("Object Repository/Profile/Page_FakeDoor/button_Week")): Object: 'Object Repository/Profile/Page_FakeDoor/button_Week' is clicked on

2023-09-21 09:50:05 - [MESSAGE][PASSED] - Object: 'Object Repository/Profile/Page_FakeDoor/button_Week' is clicked on

2023-09-21 09:50:05 - [TEST_STEP][PASSED] - click(findTestObject("Object Repository/Profile/Page_FakeDoor/p_FRI")): Object: 'Object Repository/Profile/Page_FakeDoor/p_FRI' is clicked on

2023-09-21 09:50:07 - [MESSAGE][PASSED] - Object: 'Object Repository/Profile/Page_FakeDoor/p_FRI' is clicked on

2023-09-21 09:50:07 - [TEST_STEP][PASSED] - click(findTestObject("Object Repository/Profile/Page_FakeDoor/button_Week")): Object: 'Object Repository/Profile/Page_FakeDoor/button_Week' is clicked on

2023-09-21 09:50:09 - [MESSAGE][PASSED] - Object: 'Object Repository/Profile/Page_FakeDoor/button_Week' is clicked on

2023-09-21 09:50:09 - [TEST_STEP][PASSED] - click(findTestObject("Object Repository/Profile/Page_FakeDoor/p_SAT")): Object: 'Object Repository/Profile/Page_FakeDoor/p_SAT' is clicked on

2023-09-21 09:50:10 - [MESSAGE][PASSED] - Object: 'Object Repository/Profile/Page_FakeDoor/p_SAT' is clicked on

2023-09-21 09:50:10 - [TEST_STEP][PASSED] - click(findTestObject("Object Repository/Profile/Page_FakeDoor/button_Month")): Object: 'Object Repository/Profile/Page_FakeDoor/button_Month' is clicked on

2023-09-21 09:50:12 - [MESSAGE][PASSED] - Object: 'Object Repository/Profile/Page_FakeDoor/button_Month' is clicked on

2023-09-21 09:50:12 - [TEST_STEP][PASSED] - click(findTestObject("Object Repository/Profile/Page_FakeDoor/button_Continue")): Object: 'Object Repository/Profile/Page_FakeDoor/button_Continue' is clicked on

2023-09-21 09:50:13 - [MESSAGE][PASSED] - Object: 'Object Repository/Profile/Page_FakeDoor/button_Continue' is clicked on

2023-09-21 09:50:13 - [TEST_STEP][PASSED] - click(findTestObject("Object Repository/Profile/Page_FakeDoor/button_Back")): Object: 'Object Repository/Profile/Page_FakeDoor/button_Back' is clicked on

2023-09-21 09:50:15 - [MESSAGE][PASSED] - Object: 'Object Repository/Profile/Page_FakeDoor/button_Back' is clicked on

2023-09-21 09:50:15 - [TEST_STEP][PASSED] - click(findTestObject("Object Repository/Profile/Page_FakeDoor/button_Overview_MuiButtonBase-root MuiIconB_eec332")): Object: 'Object Repository/Profile/Page_FakeDoor/button_Overview_MuiButtonBase-root MuiIconB_eec332' is clicked on

2023-09-21 09:50:17 - [MESSAGE][PASSED] - Object: 'Object Repository/Profile/Page_FakeDoor/button_Overview_MuiButtonBase-root MuiIconB_eec332' is clicked on

2023-09-21 09:50:17 - [TEST_STEP][PASSED] - click(findTestObject("Object Repository/Profile/Page_FakeDoor/span_Logout")): Object: 'Object Repository/Profile/Page_FakeDoor/span_Logout' is clicked on

2023-09-21 09:50:19 - [MESSAGE][PASSED] - Object: 'Object Repository/Profile/Page_FakeDoor/span_Logout' is clicked on

2023-09-21 09:50:19 - [TEST_STEP][PASSED] - closeBrowser(): Browser is closed

2023-09-21 09:50:20 - [MESSAGE][PASSED] - Browser is closed]]></system-out>
         <system-err><![CDATA[]]></system-err>
      </testcase>
      <testcase name="Test Cases/Buttons/Progress" time="50.934" classname="Test Cases/Buttons/Progress" status="PASSED">
         <system-out><![CDATA[2023-09-21 09:52:16 - [TEST_CASE][PASSED] - Test Cases/Buttons/Progress: Test Cases/Buttons/Progress

2023-09-21 09:52:16 - [TEST_STEP][PASSED] - openBrowser(""): Browser is opened with url: ''

2023-09-21 09:52:16 - [MESSAGE][INFO] - Starting 'Chrome' driver

2023-09-21 09:52:16 - [MESSAGE][INFO] - Action delay is set to 1,000 milliseconds

2023-09-21 09:52:17 - [MESSAGE][PASSED] - Browser is opened with url: ''

2023-09-21 09:52:17 - [TEST_STEP][PASSED] - navigateToUrl("https://delightful-stone-07bb55f0f.3.azurestaticapps.net/"): Navigate to 'https://delightful-stone-07bb55f0f.3.azurestaticapps.net/' successfully

2023-09-21 09:52:19 - [MESSAGE][PASSED] - Navigate to 'https://delightful-stone-07bb55f0f.3.azurestaticapps.net/' successfully

2023-09-21 09:52:20 - [TEST_STEP][PASSED] - maximizeWindow(): Current window maximized

2023-09-21 09:52:20 - [MESSAGE][PASSED] - Current window maximized

2023-09-21 09:52:20 - [TEST_STEP][PASSED] - click(findTestObject("Object Repository/Progress/Page_FakeDoor/button_Sign In")): Object: 'Object Repository/Progress/Page_FakeDoor/button_Sign In' is clicked on

2023-09-21 09:52:21 - [MESSAGE][PASSED] - Object: 'Object Repository/Progress/Page_FakeDoor/button_Sign In' is clicked on

2023-09-21 09:52:21 - [TEST_STEP][PASSED] - setText(findTestObject("Object Repository/Progress/Page_FakeDoor/input_User Name_username"), "admin2"): Text 'admin2' is set on object 'Object Repository/Progress/Page_FakeDoor/input_User Name_username'

2023-09-21 09:52:25 - [MESSAGE][PASSED] - Text 'admin2' is set on object 'Object Repository/Progress/Page_FakeDoor/input_User Name_username'

2023-09-21 09:52:25 - [TEST_STEP][PASSED] - setEncryptedText(findTestObject("Object Repository/Progress/Page_FakeDoor/input_Password_password"), "Lm1Albv1LteQ2KmNJoEiNQ=="): Text ****** has been set on object 'Object Repository/Progress/Page_FakeDoor/input_Password_password'

2023-09-21 09:52:27 - [MESSAGE][PASSED] - Text ****** has been set on object 'Object Repository/Progress/Page_FakeDoor/input_Password_password'

2023-09-21 09:52:27 - [TEST_STEP][PASSED] - click(findTestObject("Object Repository/Progress/Page_FakeDoor/button_Login")): Object: 'Object Repository/Progress/Page_FakeDoor/button_Login' is clicked on

2023-09-21 09:52:29 - [MESSAGE][PASSED] - Object: 'Object Repository/Progress/Page_FakeDoor/button_Login' is clicked on

2023-09-21 09:52:29 - [TEST_STEP][PASSED] - click(findTestObject("Object Repository/Progress/Page_FakeDoor/span_Progress")): Object: 'Object Repository/Progress/Page_FakeDoor/span_Progress' is clicked on

2023-09-21 09:52:33 - [MESSAGE][PASSED] - Object: 'Object Repository/Progress/Page_FakeDoor/span_Progress' is clicked on

2023-09-21 09:52:33 - [TEST_STEP][PASSED] - click(findTestObject("Object Repository/Progress/Page_FakeDoor/span_Physics")): Object: 'Object Repository/Progress/Page_FakeDoor/span_Physics' is clicked on

2023-09-21 09:52:35 - [MESSAGE][PASSED] - Object: 'Object Repository/Progress/Page_FakeDoor/span_Physics' is clicked on

2023-09-21 09:52:35 - [TEST_STEP][PASSED] - click(findTestObject("Object Repository/Progress/Page_FakeDoor/p_4.1 Energy")): Object: 'Object Repository/Progress/Page_FakeDoor/p_4.1 Energy' is clicked on

2023-09-21 09:52:37 - [MESSAGE][PASSED] - Object: 'Object Repository/Progress/Page_FakeDoor/p_4.1 Energy' is clicked on

2023-09-21 09:52:37 - [TEST_STEP][PASSED] - click(findTestObject("Object Repository/Progress/Page_FakeDoor/img")): Object: 'Object Repository/Progress/Page_FakeDoor/img' is clicked on

2023-09-21 09:52:39 - [MESSAGE][PASSED] - Object: 'Object Repository/Progress/Page_FakeDoor/img' is clicked on

2023-09-21 09:52:39 - [TEST_STEP][PASSED] - click(findTestObject("Object Repository/Progress/Page_FakeDoor/p_4.2 Electricity")): Object: 'Object Repository/Progress/Page_FakeDoor/p_4.2 Electricity' is clicked on

2023-09-21 09:52:40 - [MESSAGE][PASSED] - Object: 'Object Repository/Progress/Page_FakeDoor/p_4.2 Electricity' is clicked on

2023-09-21 09:52:40 - [TEST_STEP][PASSED] - click(findTestObject("Object Repository/Progress/Page_FakeDoor/img")): Object: 'Object Repository/Progress/Page_FakeDoor/img' is clicked on

2023-09-21 09:52:42 - [MESSAGE][PASSED] - Object: 'Object Repository/Progress/Page_FakeDoor/img' is clicked on

2023-09-21 09:52:42 - [TEST_STEP][PASSED] - click(findTestObject("Object Repository/Progress/Page_FakeDoor/p_4.3 Particle model of matter")): Object: 'Object Repository/Progress/Page_FakeDoor/p_4.3 Particle model of matter' is clicked on

2023-09-21 09:52:43 - [MESSAGE][PASSED] - Object: 'Object Repository/Progress/Page_FakeDoor/p_4.3 Particle model of matter' is clicked on

2023-09-21 09:52:43 - [TEST_STEP][PASSED] - click(findTestObject("Object Repository/Progress/Page_FakeDoor/img")): Object: 'Object Repository/Progress/Page_FakeDoor/img' is clicked on

2023-09-21 09:52:45 - [MESSAGE][PASSED] - Object: 'Object Repository/Progress/Page_FakeDoor/img' is clicked on

2023-09-21 09:52:45 - [TEST_STEP][PASSED] - click(findTestObject("Object Repository/Progress/Page_FakeDoor/p_4.4 Atomic Structure")): Object: 'Object Repository/Progress/Page_FakeDoor/p_4.4 Atomic Structure' is clicked on

2023-09-21 09:52:46 - [MESSAGE][PASSED] - Object: 'Object Repository/Progress/Page_FakeDoor/p_4.4 Atomic Structure' is clicked on

2023-09-21 09:52:46 - [TEST_STEP][PASSED] - click(findTestObject("Object Repository/Progress/Page_FakeDoor/img")): Object: 'Object Repository/Progress/Page_FakeDoor/img' is clicked on

2023-09-21 09:52:48 - [MESSAGE][PASSED] - Object: 'Object Repository/Progress/Page_FakeDoor/img' is clicked on

2023-09-21 09:52:48 - [TEST_STEP][PASSED] - click(findTestObject("Object Repository/Progress/Page_FakeDoor/p_4.5 Forces")): Object: 'Object Repository/Progress/Page_FakeDoor/p_4.5 Forces' is clicked on

2023-09-21 09:52:49 - [MESSAGE][PASSED] - Object: 'Object Repository/Progress/Page_FakeDoor/p_4.5 Forces' is clicked on

2023-09-21 09:52:49 - [TEST_STEP][PASSED] - click(findTestObject("Object Repository/Progress/Page_FakeDoor/img")): Object: 'Object Repository/Progress/Page_FakeDoor/img' is clicked on

2023-09-21 09:52:51 - [MESSAGE][PASSED] - Object: 'Object Repository/Progress/Page_FakeDoor/img' is clicked on

2023-09-21 09:52:51 - [TEST_STEP][PASSED] - click(findTestObject("Object Repository/Progress/Page_FakeDoor/p_4.6 Waves")): Object: 'Object Repository/Progress/Page_FakeDoor/p_4.6 Waves' is clicked on

2023-09-21 09:52:53 - [MESSAGE][PASSED] - Object: 'Object Repository/Progress/Page_FakeDoor/p_4.6 Waves' is clicked on

2023-09-21 09:52:53 - [TEST_STEP][PASSED] - click(findTestObject("Object Repository/Progress/Page_FakeDoor/img")): Object: 'Object Repository/Progress/Page_FakeDoor/img' is clicked on

2023-09-21 09:52:54 - [MESSAGE][PASSED] - Object: 'Object Repository/Progress/Page_FakeDoor/img' is clicked on

2023-09-21 09:52:54 - [TEST_STEP][PASSED] - click(findTestObject("Object Repository/Progress/Page_FakeDoor/p_4.7 Magnetism and electromagnetism")): Object: 'Object Repository/Progress/Page_FakeDoor/p_4.7 Magnetism and electromagnetism' is clicked on

2023-09-21 09:52:56 - [MESSAGE][PASSED] - Object: 'Object Repository/Progress/Page_FakeDoor/p_4.7 Magnetism and electromagnetism' is clicked on

2023-09-21 09:52:56 - [TEST_STEP][PASSED] - click(findTestObject("Object Repository/Progress/Page_FakeDoor/img")): Object: 'Object Repository/Progress/Page_FakeDoor/img' is clicked on

2023-09-21 09:52:57 - [MESSAGE][PASSED] - Object: 'Object Repository/Progress/Page_FakeDoor/img' is clicked on

2023-09-21 09:52:57 - [TEST_STEP][PASSED] - click(findTestObject("Object Repository/Progress/Page_FakeDoor/p_4.8 Space physics")): Object: 'Object Repository/Progress/Page_FakeDoor/p_4.8 Space physics' is clicked on

2023-09-21 09:52:59 - [MESSAGE][PASSED] - Object: 'Object Repository/Progress/Page_FakeDoor/p_4.8 Space physics' is clicked on

2023-09-21 09:52:59 - [TEST_STEP][PASSED] - click(findTestObject("Object Repository/Progress/Page_FakeDoor/img")): Object: 'Object Repository/Progress/Page_FakeDoor/img' is clicked on

2023-09-21 09:53:00 - [MESSAGE][PASSED] - Object: 'Object Repository/Progress/Page_FakeDoor/img' is clicked on

2023-09-21 09:53:00 - [TEST_STEP][PASSED] - click(findTestObject("Object Repository/Progress/Page_FakeDoor/p_4.9 Key Ideas")): Object: 'Object Repository/Progress/Page_FakeDoor/p_4.9 Key Ideas' is clicked on

2023-09-21 09:53:02 - [MESSAGE][PASSED] - Object: 'Object Repository/Progress/Page_FakeDoor/p_4.9 Key Ideas' is clicked on

2023-09-21 09:53:02 - [TEST_STEP][PASSED] - click(findTestObject("Object Repository/Progress/Page_FakeDoor/img")): Object: 'Object Repository/Progress/Page_FakeDoor/img' is clicked on

2023-09-21 09:53:03 - [MESSAGE][PASSED] - Object: 'Object Repository/Progress/Page_FakeDoor/img' is clicked on

2023-09-21 09:53:03 - [TEST_STEP][PASSED] - click(findTestObject("Object Repository/Progress/Page_FakeDoor/button_Week")): Object: 'Object Repository/Progress/Page_FakeDoor/button_Week' is clicked on

2023-09-21 09:53:05 - [MESSAGE][PASSED] - Object: 'Object Repository/Progress/Page_FakeDoor/button_Week' is clicked on

2023-09-21 09:53:05 - [TEST_STEP][PASSED] - click(findTestObject("Object Repository/Progress/Page_FakeDoor/button_Month")): Object: 'Object Repository/Progress/Page_FakeDoor/button_Month' is clicked on

2023-09-21 09:53:06 - [MESSAGE][PASSED] - Object: 'Object Repository/Progress/Page_FakeDoor/button_Month' is clicked on

2023-09-21 09:53:06 - [TEST_STEP][PASSED] - closeBrowser(): Browser is closed

2023-09-21 09:53:07 - [MESSAGE][PASSED] - Browser is closed]]></system-out>
         <system-err><![CDATA[]]></system-err>
      </testcase>
      <testcase name="Test Cases/Buttons/Settings" time="27.885" classname="Test Cases/Buttons/Settings" status="PASSED">
         <system-out><![CDATA[2023-09-21 09:53:07 - [TEST_CASE][PASSED] - Test Cases/Buttons/Settings: Test Cases/Buttons/Settings

2023-09-21 09:53:07 - [TEST_STEP][PASSED] - openBrowser(""): Browser is opened with url: ''

2023-09-21 09:53:07 - [MESSAGE][INFO] - Starting 'Chrome' driver

2023-09-21 09:53:07 - [MESSAGE][INFO] - Action delay is set to 1,000 milliseconds

2023-09-21 09:53:08 - [MESSAGE][PASSED] - Browser is opened with url: ''

2023-09-21 09:53:08 - [TEST_STEP][PASSED] - navigateToUrl("https://delightful-stone-07bb55f0f.3.azurestaticapps.net/"): Navigate to 'https://delightful-stone-07bb55f0f.3.azurestaticapps.net/' successfully

2023-09-21 09:53:10 - [MESSAGE][PASSED] - Navigate to 'https://delightful-stone-07bb55f0f.3.azurestaticapps.net/' successfully

2023-09-21 09:53:10 - [TEST_STEP][PASSED] - maximizeWindow(): Current window maximized

2023-09-21 09:53:10 - [MESSAGE][PASSED] - Current window maximized

2023-09-21 09:53:10 - [TEST_STEP][PASSED] - click(findTestObject("Object Repository/Settings/Page_FakeDoor/button_Sign In")): Object: 'Object Repository/Settings/Page_FakeDoor/button_Sign In' is clicked on

2023-09-21 09:53:12 - [MESSAGE][PASSED] - Object: 'Object Repository/Settings/Page_FakeDoor/button_Sign In' is clicked on

2023-09-21 09:53:12 - [TEST_STEP][PASSED] - setText(findTestObject("Object Repository/Settings/Page_FakeDoor/input_User Name_username"), "admin2"): Text 'admin2' is set on object 'Object Repository/Settings/Page_FakeDoor/input_User Name_username'

2023-09-21 09:53:15 - [MESSAGE][PASSED] - Text 'admin2' is set on object 'Object Repository/Settings/Page_FakeDoor/input_User Name_username'

2023-09-21 09:53:15 - [TEST_STEP][PASSED] - setEncryptedText(findTestObject("Object Repository/Settings/Page_FakeDoor/input_Password_password"), "Lm1Albv1LteQ2KmNJoEiNQ=="): Text ****** has been set on object 'Object Repository/Settings/Page_FakeDoor/input_Password_password'

2023-09-21 09:53:18 - [MESSAGE][PASSED] - Text ****** has been set on object 'Object Repository/Settings/Page_FakeDoor/input_Password_password'

2023-09-21 09:53:18 - [TEST_STEP][PASSED] - click(findTestObject("Object Repository/Settings/Page_FakeDoor/button_Login")): Object: 'Object Repository/Settings/Page_FakeDoor/button_Login' is clicked on

2023-09-21 09:53:19 - [MESSAGE][PASSED] - Object: 'Object Repository/Settings/Page_FakeDoor/button_Login' is clicked on

2023-09-21 09:53:19 - [TEST_STEP][PASSED] - click(findTestObject("Object Repository/Settings/Page_FakeDoor/span_Settings")): Object: 'Object Repository/Settings/Page_FakeDoor/span_Settings' is clicked on

2023-09-21 09:53:23 - [MESSAGE][PASSED] - Object: 'Object Repository/Settings/Page_FakeDoor/span_Settings' is clicked on

2023-09-21 09:53:23 - [TEST_STEP][PASSED] - click(findTestObject("Object Repository/Settings/Page_FakeDoor/button_Password")): Object: 'Object Repository/Settings/Page_FakeDoor/button_Password' is clicked on

2023-09-21 09:53:25 - [MESSAGE][PASSED] - Object: 'Object Repository/Settings/Page_FakeDoor/button_Password' is clicked on

2023-09-21 09:53:25 - [TEST_STEP][PASSED] - click(findTestObject("Object Repository/Settings/Page_FakeDoor/button_Account")): Object: 'Object Repository/Settings/Page_FakeDoor/button_Account' is clicked on

2023-09-21 09:53:27 - [MESSAGE][PASSED] - Object: 'Object Repository/Settings/Page_FakeDoor/button_Account' is clicked on

2023-09-21 09:53:27 - [TEST_STEP][PASSED] - click(findTestObject("Object Repository/Settings/Page_FakeDoor/input_Name_name")): Object: 'Object Repository/Settings/Page_FakeDoor/input_Name_name' is clicked on

2023-09-21 09:53:28 - [MESSAGE][PASSED] - Object: 'Object Repository/Settings/Page_FakeDoor/input_Name_name' is clicked on

2023-09-21 09:53:28 - [TEST_STEP][PASSED] - click(findTestObject("Object Repository/Settings/Page_FakeDoor/button_Password")): Object: 'Object Repository/Settings/Page_FakeDoor/button_Password' is clicked on

2023-09-21 09:53:30 - [MESSAGE][PASSED] - Object: 'Object Repository/Settings/Page_FakeDoor/button_Password' is clicked on

2023-09-21 09:53:30 - [TEST_STEP][PASSED] - click(findTestObject("Object Repository/Settings/Page_FakeDoor/div_Current PasswordCurrent PasswordNew Pas_fe54c8")): Object: 'Object Repository/Settings/Page_FakeDoor/div_Current PasswordCurrent PasswordNew Pas_fe54c8' is clicked on

2023-09-21 09:53:31 - [MESSAGE][PASSED] - Object: 'Object Repository/Settings/Page_FakeDoor/div_Current PasswordCurrent PasswordNew Pas_fe54c8' is clicked on

2023-09-21 09:53:31 - [TEST_STEP][PASSED] - click(findTestObject("Object Repository/Settings/Page_FakeDoor/button_Overview_MuiButtonBase-root MuiIconB_eec332")): Object: 'Object Repository/Settings/Page_FakeDoor/button_Overview_MuiButtonBase-root MuiIconB_eec332' is clicked on

2023-09-21 09:53:33 - [MESSAGE][PASSED] - Object: 'Object Repository/Settings/Page_FakeDoor/button_Overview_MuiButtonBase-root MuiIconB_eec332' is clicked on

2023-09-21 09:53:33 - [TEST_STEP][PASSED] - click(findTestObject("Object Repository/Settings/Page_FakeDoor/span_Logout")): Object: 'Object Repository/Settings/Page_FakeDoor/span_Logout' is clicked on

2023-09-21 09:53:34 - [MESSAGE][PASSED] - Object: 'Object Repository/Settings/Page_FakeDoor/span_Logout' is clicked on

2023-09-21 09:53:34 - [TEST_STEP][PASSED] - closeBrowser(): Browser is closed

2023-09-21 09:53:35 - [MESSAGE][PASSED] - Browser is closed]]></system-out>
         <system-err><![CDATA[]]></system-err>
      </testcase>
      <testcase name="Test Cases/Buttons/Tests" time="38.037" classname="Test Cases/Buttons/Tests" status="PASSED">
         <system-out><![CDATA[2023-09-21 09:53:35 - [TEST_CASE][PASSED] - Test Cases/Buttons/Tests: Test Cases/Buttons/Tests

2023-09-21 09:53:35 - [TEST_STEP][PASSED] - openBrowser(""): Browser is opened with url: ''

2023-09-21 09:53:35 - [MESSAGE][INFO] - Starting 'Chrome' driver

2023-09-21 09:53:35 - [MESSAGE][INFO] - Action delay is set to 1,000 milliseconds

2023-09-21 09:53:36 - [MESSAGE][PASSED] - Browser is opened with url: ''

2023-09-21 09:53:36 - [TEST_STEP][PASSED] - navigateToUrl("https://delightful-stone-07bb55f0f.3.azurestaticapps.net/"): Navigate to 'https://delightful-stone-07bb55f0f.3.azurestaticapps.net/' successfully

2023-09-21 09:53:38 - [MESSAGE][PASSED] - Navigate to 'https://delightful-stone-07bb55f0f.3.azurestaticapps.net/' successfully

2023-09-21 09:53:38 - [TEST_STEP][PASSED] - maximizeWindow(): Current window maximized

2023-09-21 09:53:38 - [MESSAGE][PASSED] - Current window maximized

2023-09-21 09:53:38 - [TEST_STEP][PASSED] - click(findTestObject("Object Repository/Tests/Page_FakeDoor/button_Sign In")): Object: 'Object Repository/Tests/Page_FakeDoor/button_Sign In' is clicked on

2023-09-21 09:53:39 - [MESSAGE][PASSED] - Object: 'Object Repository/Tests/Page_FakeDoor/button_Sign In' is clicked on

2023-09-21 09:53:39 - [TEST_STEP][PASSED] - setText(findTestObject("Object Repository/Tests/Page_FakeDoor/input_User Name_username"), "admin2"): Text 'admin2' is set on object 'Object Repository/Tests/Page_FakeDoor/input_User Name_username'

2023-09-21 09:53:43 - [MESSAGE][PASSED] - Text 'admin2' is set on object 'Object Repository/Tests/Page_FakeDoor/input_User Name_username'

2023-09-21 09:53:43 - [TEST_STEP][PASSED] - setEncryptedText(findTestObject("Object Repository/Tests/Page_FakeDoor/input_Password_password"), "Lm1Albv1LteQ2KmNJoEiNQ=="): Text ****** has been set on object 'Object Repository/Tests/Page_FakeDoor/input_Password_password'

2023-09-21 09:53:46 - [MESSAGE][PASSED] - Text ****** has been set on object 'Object Repository/Tests/Page_FakeDoor/input_Password_password'

2023-09-21 09:53:46 - [TEST_STEP][PASSED] - click(findTestObject("Object Repository/Tests/Page_FakeDoor/button_Login")): Object: 'Object Repository/Tests/Page_FakeDoor/button_Login' is clicked on

2023-09-21 09:53:47 - [MESSAGE][PASSED] - Object: 'Object Repository/Tests/Page_FakeDoor/button_Login' is clicked on

2023-09-21 09:53:47 - [TEST_STEP][PASSED] - click(findTestObject("Object Repository/Tests/Page_FakeDoor/span_Tests")): Object: 'Object Repository/Tests/Page_FakeDoor/span_Tests' is clicked on

2023-09-21 09:53:51 - [MESSAGE][PASSED] - Object: 'Object Repository/Tests/Page_FakeDoor/span_Tests' is clicked on

2023-09-21 09:53:51 - [TEST_STEP][PASSED] - click(findTestObject("Object Repository/Tests/Page_FakeDoor/span_Physics")): Object: 'Object Repository/Tests/Page_FakeDoor/span_Physics' is clicked on

2023-09-21 09:53:53 - [MESSAGE][PASSED] - Object: 'Object Repository/Tests/Page_FakeDoor/span_Physics' is clicked on

2023-09-21 09:53:53 - [TEST_STEP][PASSED] - click(findTestObject("Object Repository/Tests/Page_FakeDoor/input_Settings_multipleChoice")): Object: 'Object Repository/Tests/Page_FakeDoor/input_Settings_multipleChoice' is clicked on

2023-09-21 09:53:55 - [MESSAGE][PASSED] - Object: 'Object Repository/Tests/Page_FakeDoor/input_Settings_multipleChoice' is clicked on

2023-09-21 09:53:55 - [TEST_STEP][PASSED] - click(findTestObject("Object Repository/Tests/Page_FakeDoor/input_Settings_multipleChoice")): Object: 'Object Repository/Tests/Page_FakeDoor/input_Settings_multipleChoice' is clicked on

2023-09-21 09:53:56 - [MESSAGE][PASSED] - Object: 'Object Repository/Tests/Page_FakeDoor/input_Settings_multipleChoice' is clicked on

2023-09-21 09:53:56 - [TEST_STEP][PASSED] - click(findTestObject("Object Repository/Tests/Page_FakeDoor/input_Settings_longAnswer")): Object: 'Object Repository/Tests/Page_FakeDoor/input_Settings_longAnswer' is clicked on

2023-09-21 09:53:58 - [MESSAGE][PASSED] - Object: 'Object Repository/Tests/Page_FakeDoor/input_Settings_longAnswer' is clicked on

2023-09-21 09:53:58 - [TEST_STEP][PASSED] - click(findTestObject("Object Repository/Tests/Page_FakeDoor/input_Settings_longAnswer")): Object: 'Object Repository/Tests/Page_FakeDoor/input_Settings_longAnswer' is clicked on

2023-09-21 09:53:59 - [MESSAGE][PASSED] - Object: 'Object Repository/Tests/Page_FakeDoor/input_Settings_longAnswer' is clicked on

2023-09-21 09:53:59 - [TEST_STEP][PASSED] - click(findTestObject("Object Repository/Tests/Page_FakeDoor/img")): Object: 'Object Repository/Tests/Page_FakeDoor/img' is clicked on

2023-09-21 09:54:01 - [MESSAGE][PASSED] - Object: 'Object Repository/Tests/Page_FakeDoor/img' is clicked on

2023-09-21 09:54:01 - [TEST_STEP][PASSED] - click(findTestObject("Object Repository/Tests/Page_FakeDoor/img")): Object: 'Object Repository/Tests/Page_FakeDoor/img' is clicked on

2023-09-21 09:54:03 - [MESSAGE][PASSED] - Object: 'Object Repository/Tests/Page_FakeDoor/img' is clicked on

2023-09-21 09:54:03 - [TEST_STEP][PASSED] - click(findTestObject("Object Repository/Tests/Page_FakeDoor/img")): Object: 'Object Repository/Tests/Page_FakeDoor/img' is clicked on

2023-09-21 09:54:04 - [MESSAGE][PASSED] - Object: 'Object Repository/Tests/Page_FakeDoor/img' is clicked on

2023-09-21 09:54:04 - [TEST_STEP][PASSED] - click(findTestObject("Object Repository/Tests/Page_FakeDoor/img_1")): Object: 'Object Repository/Tests/Page_FakeDoor/img_1' is clicked on

2023-09-21 09:54:06 - [MESSAGE][PASSED] - Object: 'Object Repository/Tests/Page_FakeDoor/img_1' is clicked on

2023-09-21 09:54:06 - [TEST_STEP][PASSED] - click(findTestObject("Object Repository/Tests/Page_FakeDoor/img_1")): Object: 'Object Repository/Tests/Page_FakeDoor/img_1' is clicked on

2023-09-21 09:54:07 - [MESSAGE][PASSED] - Object: 'Object Repository/Tests/Page_FakeDoor/img_1' is clicked on

2023-09-21 09:54:07 - [TEST_STEP][PASSED] - click(findTestObject("Object Repository/Tests/Page_FakeDoor/img_1")): Object: 'Object Repository/Tests/Page_FakeDoor/img_1' is clicked on

2023-09-21 09:54:09 - [MESSAGE][PASSED] - Object: 'Object Repository/Tests/Page_FakeDoor/img_1' is clicked on

2023-09-21 09:54:09 - [TEST_STEP][PASSED] - click(findTestObject("Object Repository/Tests/Page_FakeDoor/button_Overview_MuiButtonBase-root MuiIconB_eec332")): Object: 'Object Repository/Tests/Page_FakeDoor/button_Overview_MuiButtonBase-root MuiIconB_eec332' is clicked on

2023-09-21 09:54:11 - [MESSAGE][PASSED] - Object: 'Object Repository/Tests/Page_FakeDoor/button_Overview_MuiButtonBase-root MuiIconB_eec332' is clicked on

2023-09-21 09:54:11 - [TEST_STEP][PASSED] - click(findTestObject("Object Repository/Tests/Page_FakeDoor/span_Logout")): Object: 'Object Repository/Tests/Page_FakeDoor/span_Logout' is clicked on

2023-09-21 09:54:12 - [MESSAGE][PASSED] - Object: 'Object Repository/Tests/Page_FakeDoor/span_Logout' is clicked on

2023-09-21 09:54:12 - [TEST_STEP][PASSED] - closeBrowser(): Browser is closed

2023-09-21 09:54:13 - [MESSAGE][PASSED] - Browser is closed]]></system-out>
         <system-err><![CDATA[]]></system-err>
      </testcase>
      <system-out><![CDATA[2023-09-21 09:47:17 - [TEST_SUITE][FAILED] - Buttons: Test Cases/Buttons/Progress FAILED.
Reason:
com.kms.katalon.core.exception.StepFailedException: Unable to click on object 'Object Repository/Progress/Page_FakeDoor/p_4.5 Forces' (Root cause: com.kms.katalon.core.exception.StepFailedException: Unable to click on object 'Object Repository/Progress/Page_FakeDoor/p_4.5 Forces'
	at com.kms.katalon.core.webui.keyword.internal.WebUIKeywordMain.stepFailed(WebUIKeywordMain.groovy:64)
	at com.kms.katalon.core.webui.keyword.internal.WebUIKeywordMain.runKeyword(WebUIKeywordMain.groovy:26)
	at com.kms.katalon.core.webui.keyword.builtin.ClickKeyword.click(ClickKeyword.groovy:74)
	at com.kms.katalon.core.webui.keyword.builtin.ClickKeyword.execute(ClickKeyword.groovy:40)
	at com.kms.katalon.core.keyword.internal.KeywordExecutor.executeKeywordForPlatform(KeywordExecutor.groovy:74)
	at com.kms.katalon.core.webui.keyword.WebUiBuiltInKeywords.click(WebUiBuiltInKeywords.groovy:620)
	at com.kms.katalon.core.webui.keyword.WebUiBuiltInKeywords$click$2.call(Unknown Source)
	at Progress.run(Progress:54)
	at com.kms.katalon.core.main.ScriptEngine.run(ScriptEngine.java:194)
	at com.kms.katalon.core.main.ScriptEngine.runScriptAsRawText(ScriptEngine.java:119)
	at com.kms.katalon.core.main.TestCaseExecutor.runScript(TestCaseExecutor.java:448)
	at com.kms.katalon.core.main.TestCaseExecutor.doExecute(TestCaseExecutor.java:439)
	at com.kms.katalon.core.main.TestCaseExecutor.processExecutionPhase(TestCaseExecutor.java:418)
	at com.kms.katalon.core.main.TestCaseExecutor.accessMainPhase(TestCaseExecutor.java:410)
	at com.kms.katalon.core.main.TestCaseExecutor.execute(TestCaseExecutor.java:285)
	at com.kms.katalon.core.common.CommonExecutor.accessTestCaseMainPhase(CommonExecutor.java:65)
	at com.kms.katalon.core.main.TestSuiteExecutor.accessTestSuiteMainPhase(TestSuiteExecutor.java:148)
	at com.kms.katalon.core.main.TestSuiteExecutor.execute(TestSuiteExecutor.java:106)
	at com.kms.katalon.core.main.TestCaseMain.startTestSuite(TestCaseMain.java:187)
	at com.kms.katalon.core.main.TestCaseMain$startTestSuite$0.call(Unknown Source)
	at TempTestSuite1695286036212.run(TempTestSuite1695286036212.groovy:36)
Caused by: org.openqa.selenium.ElementClickInterceptedException: element click intercepted: Element is not clickable at point (1833, 576)
  (Session info: chrome=117.0.5938.89)
Build info: version: '3.141.59', revision: 'e82be7d358', time: '2018-11-14T08:25:53'
System info: host: 'FAKEDOOR', ip: '10.6.2.181', os.name: 'Windows 11', os.arch: 'amd64', os.version: '10.0', java.version: '1.8.0_362'
Driver info: com.kms.katalon.selenium.driver.CChromeDriver
Capabilities {acceptInsecureCerts: false, browserName: chrome, browserVersion: 117.0.5938.89, chrome: {chromedriverVersion: 117.0.5938.88 (be6afae47212..., userDataDir: C:\Users\faked\AppData\Loca...}, fedcm:accounts: true, goog:chromeOptions: {debuggerAddress: localhost:52420}, javascriptEnabled: true, networkConnectionEnabled: false, pageLoadStrategy: normal, platform: WINDOWS, platformName: WINDOWS, proxy: Proxy(), setWindowRect: true, strictFileInteractability: false, timeouts: {implicit: 0, pageLoad: 300000, script: 30000}, unhandledPromptBehavior: dismiss and notify, webauthn:extension:credBlob: true, webauthn:extension:largeBlob: true, webauthn:extension:minPinLength: true, webauthn:extension:prf: true, webauthn:virtualAuthenticators: true}
Session ID: 021db9160c905499d200558b69f84d7f
	at org.openqa.selenium.remote.http.W3CHttpResponseCodec.createException(W3CHttpResponseCodec.java:187)
	at org.openqa.selenium.remote.http.W3CHttpResponseCodec.decode(W3CHttpResponseCodec.java:122)
	at org.openqa.selenium.remote.http.W3CHttpResponseCodec.decode(W3CHttpResponseCodec.java:49)
	at org.openqa.selenium.remote.HttpCommandExecutor.execute(HttpCommandExecutor.java:158)
	at org.openqa.selenium.remote.service.DriverCommandExecutor.execute(DriverCommandExecutor.java:83)
	at org.openqa.selenium.remote.RemoteWebDriver.execute(RemoteWebDriver.java:552)
	at com.kms.katalon.selenium.driver.CChromeDriver.execute(CChromeDriver.java:19)
	at org.openqa.selenium.remote.RemoteWebElement.execute(RemoteWebElement.java:285)
	at org.openqa.selenium.remote.RemoteWebElement.click(RemoteWebElement.java:84)
	at org.openqa.selenium.support.events.EventFiringWebDriver$EventFiringWebElement.lambda$new$0(EventFiringWebDriver.java:404)
	at com.sun.proxy.$Proxy11.click(Unknown Source)
	at org.openqa.selenium.support.events.EventFiringWebDriver$EventFiringWebElement.click(EventFiringWebDriver.java:417)
	at org.openqa.selenium.WebElement$click.call(Unknown Source)
	at com.kms.katalon.core.webui.keyword.builtin.ClickKeyword.clickUntilSuccessWithTimeout(ClickKeyword.groovy:81)
	at com.kms.katalon.core.webui.keyword.builtin.ClickKeyword.clickUntilSuccessWithTimeout(ClickKeyword.groovy)
	at com.kms.katalon.core.webui.keyword.builtin.ClickKeyword$_click_closure1.doCall(ClickKeyword.groovy:67)
	at com.kms.katalon.core.webui.keyword.builtin.ClickKeyword$_click_closure1.call(ClickKeyword.groovy)
	at com.kms.katalon.core.webui.keyword.internal.WebUIKeywordMain.runKeyword(WebUIKeywordMain.groovy:20)
	at com.kms.katalon.core.webui.keyword.builtin.ClickKeyword.click(ClickKeyword.groovy:74)
	at com.kms.katalon.core.webui.keyword.builtin.ClickKeyword.execute(ClickKeyword.groovy:40)
	at com.kms.katalon.core.keyword.internal.KeywordExecutor.executeKeywordForPlatform(KeywordExecutor.groovy:74)
	at com.kms.katalon.core.webui.keyword.WebUiBuiltInKeywords.click(WebUiBuiltInKeywords.groovy:620)
	at com.kms.katalon.core.webui.keyword.WebUiBuiltInKeywords$click$2.call(Unknown Source)
	at Script1695206899011.run(Script1695206899011.groovy:54)
	... 13 more
)
	at com.kms.katalon.core.keyword.internal.KeywordMain.stepFailed(KeywordMain.groovy:39)
	at com.kms.katalon.core.webui.keyword.internal.WebUIKeywordMain.stepFailed(WebUIKeywordMain.groovy:64)
	at com.kms.katalon.core.webui.keyword.internal.WebUIKeywordMain.runKeyword(WebUIKeywordMain.groovy:26)
	at com.kms.katalon.core.webui.keyword.builtin.ClickKeyword.click(ClickKeyword.groovy:74)
	at com.kms.katalon.core.webui.keyword.builtin.ClickKeyword.execute(ClickKeyword.groovy:40)
	at com.kms.katalon.core.keyword.internal.KeywordExecutor.executeKeywordForPlatform(KeywordExecutor.groovy:74)
	at com.kms.katalon.core.webui.keyword.WebUiBuiltInKeywords.click(WebUiBuiltInKeywords.groovy:620)
	at com.kms.katalon.core.webui.keyword.WebUiBuiltInKeywords$click$2.call(Unknown Source)
	at Progress.run(Progress:54)
	at com.kms.katalon.core.main.ScriptEngine.run(ScriptEngine.java:194)
	at com.kms.katalon.core.main.ScriptEngine.runScriptAsRawText(ScriptEngine.java:119)
	at com.kms.katalon.core.main.TestCaseExecutor.runScript(TestCaseExecutor.java:448)
	at com.kms.katalon.core.main.TestCaseExecutor.doExecute(TestCaseExecutor.java:439)
	at com.kms.katalon.core.main.TestCaseExecutor.processExecutionPhase(TestCaseExecutor.java:418)
	at com.kms.katalon.core.main.TestCaseExecutor.accessMainPhase(TestCaseExecutor.java:410)
	at com.kms.katalon.core.main.TestCaseExecutor.execute(TestCaseExecutor.java:285)
	at com.kms.katalon.core.common.CommonExecutor.accessTestCaseMainPhase(CommonExecutor.java:65)
	at com.kms.katalon.core.main.TestSuiteExecutor.accessTestSuiteMainPhase(TestSuiteExecutor.java:148)
	at com.kms.katalon.core.main.TestSuiteExecutor.execute(TestSuiteExecutor.java:106)
	at com.kms.katalon.core.main.TestCaseMain.startTestSuite(TestCaseMain.java:187)
	at com.kms.katalon.core.main.TestCaseMain$startTestSuite$0.call(Unknown Source)
	at TempTestSuite1695286036212.run(TempTestSuite1695286036212.groovy:36)
Caused by: com.kms.katalon.core.exception.StepFailedException: Unable to click on object 'Object Repository/Progress/Page_FakeDoor/p_4.5 Forces'
	... 21 more
Caused by: org.openqa.selenium.ElementClickInterceptedException: element click intercepted: Element is not clickable at point (1833, 576)
  (Session info: chrome=117.0.5938.89)
Build info: version: '3.141.59', revision: 'e82be7d358', time: '2018-11-14T08:25:53'
System info: host: 'FAKEDOOR', ip: '10.6.2.181', os.name: 'Windows 11', os.arch: 'amd64', os.version: '10.0', java.version: '1.8.0_362'
Driver info: com.kms.katalon.selenium.driver.CChromeDriver
Capabilities {acceptInsecureCerts: false, browserName: chrome, browserVersion: 117.0.5938.89, chrome: {chromedriverVersion: 117.0.5938.88 (be6afae47212..., userDataDir: C:\Users\faked\AppData\Loca...}, fedcm:accounts: true, goog:chromeOptions: {debuggerAddress: localhost:52420}, javascriptEnabled: true, networkConnectionEnabled: false, pageLoadStrategy: normal, platform: WINDOWS, platformName: WINDOWS, proxy: Proxy(), setWindowRect: true, strictFileInteractability: false, timeouts: {implicit: 0, pageLoad: 300000, script: 30000}, unhandledPromptBehavior: dismiss and notify, webauthn:extension:credBlob: true, webauthn:extension:largeBlob: true, webauthn:extension:minPinLength: true, webauthn:extension:prf: true, webauthn:virtualAuthenticators: true}
Session ID: 021db9160c905499d200558b69f84d7f
	at org.openqa.selenium.remote.http.W3CHttpResponseCodec.createException(W3CHttpResponseCodec.java:187)
	at org.openqa.selenium.remote.http.W3CHttpResponseCodec.decode(W3CHttpResponseCodec.java:122)
	at org.openqa.selenium.remote.http.W3CHttpResponseCodec.decode(W3CHttpResponseCodec.java:49)
	at org.openqa.selenium.remote.HttpCommandExecutor.execute(HttpCommandExecutor.java:158)
	at org.openqa.selenium.remote.service.DriverCommandExecutor.execute(DriverCommandExecutor.java:83)
	at org.openqa.selenium.remote.RemoteWebDriver.execute(RemoteWebDriver.java:552)
	at com.kms.katalon.selenium.driver.CChromeDriver.execute(CChromeDriver.java:19)
	at org.openqa.selenium.remote.RemoteWebElement.execute(RemoteWebElement.java:285)
	at org.openqa.selenium.remote.RemoteWebElement.click(RemoteWebElement.java:84)
	at org.openqa.selenium.support.events.EventFiringWebDriver$EventFiringWebElement.lambda$new$0(EventFiringWebDriver.java:404)
	at com.sun.proxy.$Proxy11.click(Unknown Source)
	at org.openqa.selenium.support.events.EventFiringWebDriver$EventFiringWebElement.click(EventFiringWebDriver.java:417)
	at org.openqa.selenium.WebElement$click.call(Unknown Source)
	at com.kms.katalon.core.webui.keyword.builtin.ClickKeyword.clickUntilSuccessWithTimeout(ClickKeyword.groovy:81)
	at com.kms.katalon.core.webui.keyword.builtin.ClickKeyword.clickUntilSuccessWithTimeout(ClickKeyword.groovy)
	at com.kms.katalon.core.webui.keyword.builtin.ClickKeyword$_click_closure1.doCall(ClickKeyword.groovy:67)
	at com.kms.katalon.core.webui.keyword.builtin.ClickKeyword$_click_closure1.call(ClickKeyword.groovy)
	at com.kms.katalon.core.webui.keyword.internal.WebUIKeywordMain.runKeyword(WebUIKeywordMain.groovy:20)
	... 19 more]]></system-out>
      <system-err><![CDATA[2023-09-21 09:47:17 - [TEST_SUITE][FAILED] - Buttons: Test Cases/Buttons/Progress FAILED.
Reason:
com.kms.katalon.core.exception.StepFailedException: Unable to click on object 'Object Repository/Progress/Page_FakeDoor/p_4.5 Forces' (Root cause: com.kms.katalon.core.exception.StepFailedException: Unable to click on object 'Object Repository/Progress/Page_FakeDoor/p_4.5 Forces'
	at com.kms.katalon.core.webui.keyword.internal.WebUIKeywordMain.stepFailed(WebUIKeywordMain.groovy:64)
	at com.kms.katalon.core.webui.keyword.internal.WebUIKeywordMain.runKeyword(WebUIKeywordMain.groovy:26)
	at com.kms.katalon.core.webui.keyword.builtin.ClickKeyword.click(ClickKeyword.groovy:74)
	at com.kms.katalon.core.webui.keyword.builtin.ClickKeyword.execute(ClickKeyword.groovy:40)
	at com.kms.katalon.core.keyword.internal.KeywordExecutor.executeKeywordForPlatform(KeywordExecutor.groovy:74)
	at com.kms.katalon.core.webui.keyword.WebUiBuiltInKeywords.click(WebUiBuiltInKeywords.groovy:620)
	at com.kms.katalon.core.webui.keyword.WebUiBuiltInKeywords$click$2.call(Unknown Source)
	at Progress.run(Progress:54)
	at com.kms.katalon.core.main.ScriptEngine.run(ScriptEngine.java:194)
	at com.kms.katalon.core.main.ScriptEngine.runScriptAsRawText(ScriptEngine.java:119)
	at com.kms.katalon.core.main.TestCaseExecutor.runScript(TestCaseExecutor.java:448)
	at com.kms.katalon.core.main.TestCaseExecutor.doExecute(TestCaseExecutor.java:439)
	at com.kms.katalon.core.main.TestCaseExecutor.processExecutionPhase(TestCaseExecutor.java:418)
	at com.kms.katalon.core.main.TestCaseExecutor.accessMainPhase(TestCaseExecutor.java:410)
	at com.kms.katalon.core.main.TestCaseExecutor.execute(TestCaseExecutor.java:285)
	at com.kms.katalon.core.common.CommonExecutor.accessTestCaseMainPhase(CommonExecutor.java:65)
	at com.kms.katalon.core.main.TestSuiteExecutor.accessTestSuiteMainPhase(TestSuiteExecutor.java:148)
	at com.kms.katalon.core.main.TestSuiteExecutor.execute(TestSuiteExecutor.java:106)
	at com.kms.katalon.core.main.TestCaseMain.startTestSuite(TestCaseMain.java:187)
	at com.kms.katalon.core.main.TestCaseMain$startTestSuite$0.call(Unknown Source)
	at TempTestSuite1695286036212.run(TempTestSuite1695286036212.groovy:36)
Caused by: org.openqa.selenium.ElementClickInterceptedException: element click intercepted: Element is not clickable at point (1833, 576)
  (Session info: chrome=117.0.5938.89)
Build info: version: '3.141.59', revision: 'e82be7d358', time: '2018-11-14T08:25:53'
System info: host: 'FAKEDOOR', ip: '10.6.2.181', os.name: 'Windows 11', os.arch: 'amd64', os.version: '10.0', java.version: '1.8.0_362'
Driver info: com.kms.katalon.selenium.driver.CChromeDriver
Capabilities {acceptInsecureCerts: false, browserName: chrome, browserVersion: 117.0.5938.89, chrome: {chromedriverVersion: 117.0.5938.88 (be6afae47212..., userDataDir: C:\Users\faked\AppData\Loca...}, fedcm:accounts: true, goog:chromeOptions: {debuggerAddress: localhost:52420}, javascriptEnabled: true, networkConnectionEnabled: false, pageLoadStrategy: normal, platform: WINDOWS, platformName: WINDOWS, proxy: Proxy(), setWindowRect: true, strictFileInteractability: false, timeouts: {implicit: 0, pageLoad: 300000, script: 30000}, unhandledPromptBehavior: dismiss and notify, webauthn:extension:credBlob: true, webauthn:extension:largeBlob: true, webauthn:extension:minPinLength: true, webauthn:extension:prf: true, webauthn:virtualAuthenticators: true}
Session ID: 021db9160c905499d200558b69f84d7f
	at org.openqa.selenium.remote.http.W3CHttpResponseCodec.createException(W3CHttpResponseCodec.java:187)
	at org.openqa.selenium.remote.http.W3CHttpResponseCodec.decode(W3CHttpResponseCodec.java:122)
	at org.openqa.selenium.remote.http.W3CHttpResponseCodec.decode(W3CHttpResponseCodec.java:49)
	at org.openqa.selenium.remote.HttpCommandExecutor.execute(HttpCommandExecutor.java:158)
	at org.openqa.selenium.remote.service.DriverCommandExecutor.execute(DriverCommandExecutor.java:83)
	at org.openqa.selenium.remote.RemoteWebDriver.execute(RemoteWebDriver.java:552)
	at com.kms.katalon.selenium.driver.CChromeDriver.execute(CChromeDriver.java:19)
	at org.openqa.selenium.remote.RemoteWebElement.execute(RemoteWebElement.java:285)
	at org.openqa.selenium.remote.RemoteWebElement.click(RemoteWebElement.java:84)
	at org.openqa.selenium.support.events.EventFiringWebDriver$EventFiringWebElement.lambda$new$0(EventFiringWebDriver.java:404)
	at com.sun.proxy.$Proxy11.click(Unknown Source)
	at org.openqa.selenium.support.events.EventFiringWebDriver$EventFiringWebElement.click(EventFiringWebDriver.java:417)
	at org.openqa.selenium.WebElement$click.call(Unknown Source)
	at com.kms.katalon.core.webui.keyword.builtin.ClickKeyword.clickUntilSuccessWithTimeout(ClickKeyword.groovy:81)
	at com.kms.katalon.core.webui.keyword.builtin.ClickKeyword.clickUntilSuccessWithTimeout(ClickKeyword.groovy)
	at com.kms.katalon.core.webui.keyword.builtin.ClickKeyword$_click_closure1.doCall(ClickKeyword.groovy:67)
	at com.kms.katalon.core.webui.keyword.builtin.ClickKeyword$_click_closure1.call(ClickKeyword.groovy)
	at com.kms.katalon.core.webui.keyword.internal.WebUIKeywordMain.runKeyword(WebUIKeywordMain.groovy:20)
	at com.kms.katalon.core.webui.keyword.builtin.ClickKeyword.click(ClickKeyword.groovy:74)
	at com.kms.katalon.core.webui.keyword.builtin.ClickKeyword.execute(ClickKeyword.groovy:40)
	at com.kms.katalon.core.keyword.internal.KeywordExecutor.executeKeywordForPlatform(KeywordExecutor.groovy:74)
	at com.kms.katalon.core.webui.keyword.WebUiBuiltInKeywords.click(WebUiBuiltInKeywords.groovy:620)
	at com.kms.katalon.core.webui.keyword.WebUiBuiltInKeywords$click$2.call(Unknown Source)
	at Script1695206899011.run(Script1695206899011.groovy:54)
	... 13 more
)
	at com.kms.katalon.core.keyword.internal.KeywordMain.stepFailed(KeywordMain.groovy:39)
	at com.kms.katalon.core.webui.keyword.internal.WebUIKeywordMain.stepFailed(WebUIKeywordMain.groovy:64)
	at com.kms.katalon.core.webui.keyword.internal.WebUIKeywordMain.runKeyword(WebUIKeywordMain.groovy:26)
	at com.kms.katalon.core.webui.keyword.builtin.ClickKeyword.click(ClickKeyword.groovy:74)
	at com.kms.katalon.core.webui.keyword.builtin.ClickKeyword.execute(ClickKeyword.groovy:40)
	at com.kms.katalon.core.keyword.internal.KeywordExecutor.executeKeywordForPlatform(KeywordExecutor.groovy:74)
	at com.kms.katalon.core.webui.keyword.WebUiBuiltInKeywords.click(WebUiBuiltInKeywords.groovy:620)
	at com.kms.katalon.core.webui.keyword.WebUiBuiltInKeywords$click$2.call(Unknown Source)
	at Progress.run(Progress:54)
	at com.kms.katalon.core.main.ScriptEngine.run(ScriptEngine.java:194)
	at com.kms.katalon.core.main.ScriptEngine.runScriptAsRawText(ScriptEngine.java:119)
	at com.kms.katalon.core.main.TestCaseExecutor.runScript(TestCaseExecutor.java:448)
	at com.kms.katalon.core.main.TestCaseExecutor.doExecute(TestCaseExecutor.java:439)
	at com.kms.katalon.core.main.TestCaseExecutor.processExecutionPhase(TestCaseExecutor.java:418)
	at com.kms.katalon.core.main.TestCaseExecutor.accessMainPhase(TestCaseExecutor.java:410)
	at com.kms.katalon.core.main.TestCaseExecutor.execute(TestCaseExecutor.java:285)
	at com.kms.katalon.core.common.CommonExecutor.accessTestCaseMainPhase(CommonExecutor.java:65)
	at com.kms.katalon.core.main.TestSuiteExecutor.accessTestSuiteMainPhase(TestSuiteExecutor.java:148)
	at com.kms.katalon.core.main.TestSuiteExecutor.execute(TestSuiteExecutor.java:106)
	at com.kms.katalon.core.main.TestCaseMain.startTestSuite(TestCaseMain.java:187)
	at com.kms.katalon.core.main.TestCaseMain$startTestSuite$0.call(Unknown Source)
	at TempTestSuite1695286036212.run(TempTestSuite1695286036212.groovy:36)
Caused by: com.kms.katalon.core.exception.StepFailedException: Unable to click on object 'Object Repository/Progress/Page_FakeDoor/p_4.5 Forces'
	... 21 more
Caused by: org.openqa.selenium.ElementClickInterceptedException: element click intercepted: Element is not clickable at point (1833, 576)
  (Session info: chrome=117.0.5938.89)
Build info: version: '3.141.59', revision: 'e82be7d358', time: '2018-11-14T08:25:53'
System info: host: 'FAKEDOOR', ip: '10.6.2.181', os.name: 'Windows 11', os.arch: 'amd64', os.version: '10.0', java.version: '1.8.0_362'
Driver info: com.kms.katalon.selenium.driver.CChromeDriver
Capabilities {acceptInsecureCerts: false, browserName: chrome, browserVersion: 117.0.5938.89, chrome: {chromedriverVersion: 117.0.5938.88 (be6afae47212..., userDataDir: C:\Users\faked\AppData\Loca...}, fedcm:accounts: true, goog:chromeOptions: {debuggerAddress: localhost:52420}, javascriptEnabled: true, networkConnectionEnabled: false, pageLoadStrategy: normal, platform: WINDOWS, platformName: WINDOWS, proxy: Proxy(), setWindowRect: true, strictFileInteractability: false, timeouts: {implicit: 0, pageLoad: 300000, script: 30000}, unhandledPromptBehavior: dismiss and notify, webauthn:extension:credBlob: true, webauthn:extension:largeBlob: true, webauthn:extension:minPinLength: true, webauthn:extension:prf: true, webauthn:virtualAuthenticators: true}
Session ID: 021db9160c905499d200558b69f84d7f
	at org.openqa.selenium.remote.http.W3CHttpResponseCodec.createException(W3CHttpResponseCodec.java:187)
	at org.openqa.selenium.remote.http.W3CHttpResponseCodec.decode(W3CHttpResponseCodec.java:122)
	at org.openqa.selenium.remote.http.W3CHttpResponseCodec.decode(W3CHttpResponseCodec.java:49)
	at org.openqa.selenium.remote.HttpCommandExecutor.execute(HttpCommandExecutor.java:158)
	at org.openqa.selenium.remote.service.DriverCommandExecutor.execute(DriverCommandExecutor.java:83)
	at org.openqa.selenium.remote.RemoteWebDriver.execute(RemoteWebDriver.java:552)
	at com.kms.katalon.selenium.driver.CChromeDriver.execute(CChromeDriver.java:19)
	at org.openqa.selenium.remote.RemoteWebElement.execute(RemoteWebElement.java:285)
	at org.openqa.selenium.remote.RemoteWebElement.click(RemoteWebElement.java:84)
	at org.openqa.selenium.support.events.EventFiringWebDriver$EventFiringWebElement.lambda$new$0(EventFiringWebDriver.java:404)
	at com.sun.proxy.$Proxy11.click(Unknown Source)
	at org.openqa.selenium.support.events.EventFiringWebDriver$EventFiringWebElement.click(EventFiringWebDriver.java:417)
	at org.openqa.selenium.WebElement$click.call(Unknown Source)
	at com.kms.katalon.core.webui.keyword.builtin.ClickKeyword.clickUntilSuccessWithTimeout(ClickKeyword.groovy:81)
	at com.kms.katalon.core.webui.keyword.builtin.ClickKeyword.clickUntilSuccessWithTimeout(ClickKeyword.groovy)
	at com.kms.katalon.core.webui.keyword.builtin.ClickKeyword$_click_closure1.doCall(ClickKeyword.groovy:67)
	at com.kms.katalon.core.webui.keyword.builtin.ClickKeyword$_click_closure1.call(ClickKeyword.groovy)
	at com.kms.katalon.core.webui.keyword.internal.WebUIKeywordMain.runKeyword(WebUIKeywordMain.groovy:20)
	... 19 more]]></system-err>
   </testsuite>
</testsuites>
